2023-04-16 12:31:18,098 INFO org.hibernate.validator.internal.util.Version [background-preinit] HV000001: Hibernate Validator 6.2.0.Final
2023-04-16 12:31:18,159 INFO br.com.posarquiteturapuc2022.GisaModServiceAssociateApplication [main] Starting GisaModServiceAssociateApplication using Java 11.0.17 on AVELLHYBA70ALV with PID 13860 (C:\desenvolvimento\tcc\boasaude\workspace\gisa-mod-service-associate\target\classes started by alvar in C:\desenvolvimento\tcc\boasaude\workspace\gisa-mod-service-associate)
2023-04-16 12:31:18,161 INFO br.com.posarquiteturapuc2022.GisaModServiceAssociateApplication [main] The following profiles are active: dev
2023-04-16 12:31:19,465 INFO org.springframework.data.repository.config.RepositoryConfigurationDelegate [main] Bootstrapping Spring Data JPA repositories in DEFAULT mode.
2023-04-16 12:31:19,494 INFO org.springframework.data.repository.config.RepositoryConfigurationDelegate [main] Finished Spring Data repository scanning in 13 ms. Found 0 JPA repository interfaces.
2023-04-16 12:31:20,093 INFO org.springframework.cloud.context.scope.GenericScope [main] BeanFactory id=3f5a04f0-c9b2-3da6-9bec-4fd78b580702
2023-04-16 12:31:20,201 ERROR org.springframework.boot.diagnostics.LoggingFailureAnalysisReporter [main] 

***************************
APPLICATION FAILED TO START
***************************

Description:

An attempt was made to call a method that does not exist. The attempt was made from the following location:

    org.springframework.boot.sql.init.dependency.AnnotationDependsOnDatabaseInitializationDetector.detect(AnnotationDependsOnDatabaseInitializationDetector.java:36)

The following method did not exist:

    org.springframework.beans.factory.config.ConfigurableListableBeanFactory.findAnnotationOnBean(Ljava/lang/String;Ljava/lang/Class;Z)Ljava/lang/annotation/Annotation;

The calling method's class, org.springframework.boot.sql.init.dependency.AnnotationDependsOnDatabaseInitializationDetector, was loaded from the following location:

    jar:file:/C:/Users/alvar/.m2/repository/org/springframework/boot/spring-boot/2.6.2/spring-boot-2.6.2.jar!/org/springframework/boot/sql/init/dependency/AnnotationDependsOnDatabaseInitializationDetector.class

The called method's class, org.springframework.beans.factory.config.ConfigurableListableBeanFactory, is available from the following locations:

    jar:file:/C:/Users/alvar/.m2/repository/org/springframework/spring-beans/5.3.9/spring-beans-5.3.9.jar!/org/springframework/beans/factory/config/ConfigurableListableBeanFactory.class

The called method's class hierarchy was loaded from the following locations:

    org.springframework.beans.factory.config.ConfigurableListableBeanFactory: file:/C:/Users/alvar/.m2/repository/org/springframework/spring-beans/5.3.9/spring-beans-5.3.9.jar


Action:

Correct the classpath of your application so that it contains compatible versions of the classes org.springframework.boot.sql.init.dependency.AnnotationDependsOnDatabaseInitializationDetector and org.springframework.beans.factory.config.ConfigurableListableBeanFactory

