2023-06-27 00:03:06,006 INFO com.netflix.discovery.shared.resolver.aws.ConfigClusterResolver [AsyncResolver-bootstrap-executor-0] Resolving eureka endpoints via configuration
2023-06-27 00:50:38,259 WARN com.zaxxer.hikari.pool.HikariPool [CAMUNDA-HIKARI-POOL housekeeper] CAMUNDA-HIKARI-POOL - Thread starvation or clock leap detected (housekeeper delta=43m35s292ms280µs900ns).
2023-06-27 06:49:30,191 WARN com.zaxxer.hikari.pool.HikariPool [CAMUNDA-HIKARI-POOL housekeeper] CAMUNDA-HIKARI-POOL - Thread starvation or clock leap detected (housekeeper delta=5h58m51s931ms554µs700ns).
2023-06-27 07:19:46,003 WARN com.zaxxer.hikari.pool.HikariPool [CAMUNDA-HIKARI-POOL housekeeper] CAMUNDA-HIKARI-POOL - Thread starvation or clock leap detected (housekeeper delta=30m15s811ms867µs800ns).
2023-06-27 07:19:47,311 INFO com.netflix.discovery.shared.resolver.aws.ConfigClusterResolver [AsyncResolver-bootstrap-executor-0] Resolving eureka endpoints via configuration
2023-06-27 07:24:47,322 INFO com.netflix.discovery.shared.resolver.aws.ConfigClusterResolver [AsyncResolver-bootstrap-executor-0] Resolving eureka endpoints via configuration
2023-06-27 07:29:47,325 INFO com.netflix.discovery.shared.resolver.aws.ConfigClusterResolver [AsyncResolver-bootstrap-executor-0] Resolving eureka endpoints via configuration
2023-06-27 07:34:47,343 INFO com.netflix.discovery.shared.resolver.aws.ConfigClusterResolver [AsyncResolver-bootstrap-executor-0] Resolving eureka endpoints via configuration
2023-06-27 07:39:47,359 INFO com.netflix.discovery.shared.resolver.aws.ConfigClusterResolver [AsyncResolver-bootstrap-executor-0] Resolving eureka endpoints via configuration
2023-06-27 07:44:47,372 INFO com.netflix.discovery.shared.resolver.aws.ConfigClusterResolver [AsyncResolver-bootstrap-executor-0] Resolving eureka endpoints via configuration
2023-06-27 07:49:47,375 INFO com.netflix.discovery.shared.resolver.aws.ConfigClusterResolver [AsyncResolver-bootstrap-executor-0] Resolving eureka endpoints via configuration
2023-06-27 07:54:47,379 INFO com.netflix.discovery.shared.resolver.aws.ConfigClusterResolver [AsyncResolver-bootstrap-executor-0] Resolving eureka endpoints via configuration
2023-06-27 07:59:47,386 INFO com.netflix.discovery.shared.resolver.aws.ConfigClusterResolver [AsyncResolver-bootstrap-executor-0] Resolving eureka endpoints via configuration
2023-06-27 08:04:47,393 INFO com.netflix.discovery.shared.resolver.aws.ConfigClusterResolver [AsyncResolver-bootstrap-executor-0] Resolving eureka endpoints via configuration
2023-06-27 08:09:47,395 INFO com.netflix.discovery.shared.resolver.aws.ConfigClusterResolver [AsyncResolver-bootstrap-executor-0] Resolving eureka endpoints via configuration
2023-06-27 08:14:47,410 INFO com.netflix.discovery.shared.resolver.aws.ConfigClusterResolver [AsyncResolver-bootstrap-executor-0] Resolving eureka endpoints via configuration
2023-06-27 08:19:47,425 INFO com.netflix.discovery.shared.resolver.aws.ConfigClusterResolver [AsyncResolver-bootstrap-executor-0] Resolving eureka endpoints via configuration
2023-06-27 08:24:47,433 INFO com.netflix.discovery.shared.resolver.aws.ConfigClusterResolver [AsyncResolver-bootstrap-executor-0] Resolving eureka endpoints via configuration
2023-06-27 08:29:47,449 INFO com.netflix.discovery.shared.resolver.aws.ConfigClusterResolver [AsyncResolver-bootstrap-executor-0] Resolving eureka endpoints via configuration
2023-06-27 08:34:47,465 INFO com.netflix.discovery.shared.resolver.aws.ConfigClusterResolver [AsyncResolver-bootstrap-executor-0] Resolving eureka endpoints via configuration
2023-06-27 08:39:47,480 INFO com.netflix.discovery.shared.resolver.aws.ConfigClusterResolver [AsyncResolver-bootstrap-executor-0] Resolving eureka endpoints via configuration
2023-06-27 08:44:47,482 INFO com.netflix.discovery.shared.resolver.aws.ConfigClusterResolver [AsyncResolver-bootstrap-executor-0] Resolving eureka endpoints via configuration
2023-06-27 08:49:47,485 INFO com.netflix.discovery.shared.resolver.aws.ConfigClusterResolver [AsyncResolver-bootstrap-executor-0] Resolving eureka endpoints via configuration
2023-06-27 08:54:47,492 INFO com.netflix.discovery.shared.resolver.aws.ConfigClusterResolver [AsyncResolver-bootstrap-executor-0] Resolving eureka endpoints via configuration
2023-06-27 08:59:47,506 INFO com.netflix.discovery.shared.resolver.aws.ConfigClusterResolver [AsyncResolver-bootstrap-executor-0] Resolving eureka endpoints via configuration
2023-06-27 09:04:47,514 INFO com.netflix.discovery.shared.resolver.aws.ConfigClusterResolver [AsyncResolver-bootstrap-executor-0] Resolving eureka endpoints via configuration
2023-06-27 09:09:47,521 INFO com.netflix.discovery.shared.resolver.aws.ConfigClusterResolver [AsyncResolver-bootstrap-executor-0] Resolving eureka endpoints via configuration
2023-06-27 09:14:47,524 INFO com.netflix.discovery.shared.resolver.aws.ConfigClusterResolver [AsyncResolver-bootstrap-executor-0] Resolving eureka endpoints via configuration
2023-06-27 09:19:47,530 INFO com.netflix.discovery.shared.resolver.aws.ConfigClusterResolver [AsyncResolver-bootstrap-executor-0] Resolving eureka endpoints via configuration
2023-06-27 09:24:47,542 INFO com.netflix.discovery.shared.resolver.aws.ConfigClusterResolver [AsyncResolver-bootstrap-executor-0] Resolving eureka endpoints via configuration
2023-06-27 09:29:47,548 INFO com.netflix.discovery.shared.resolver.aws.ConfigClusterResolver [AsyncResolver-bootstrap-executor-0] Resolving eureka endpoints via configuration
2023-06-27 09:34:47,550 INFO com.netflix.discovery.shared.resolver.aws.ConfigClusterResolver [AsyncResolver-bootstrap-executor-0] Resolving eureka endpoints via configuration
2023-06-27 09:39:47,556 INFO com.netflix.discovery.shared.resolver.aws.ConfigClusterResolver [AsyncResolver-bootstrap-executor-0] Resolving eureka endpoints via configuration
2023-06-27 09:44:47,562 INFO com.netflix.discovery.shared.resolver.aws.ConfigClusterResolver [AsyncResolver-bootstrap-executor-0] Resolving eureka endpoints via configuration
2023-06-27 09:49:47,567 INFO com.netflix.discovery.shared.resolver.aws.ConfigClusterResolver [AsyncResolver-bootstrap-executor-0] Resolving eureka endpoints via configuration
2023-06-27 09:54:47,584 INFO com.netflix.discovery.shared.resolver.aws.ConfigClusterResolver [AsyncResolver-bootstrap-executor-0] Resolving eureka endpoints via configuration
2023-06-27 09:59:47,586 INFO com.netflix.discovery.shared.resolver.aws.ConfigClusterResolver [AsyncResolver-bootstrap-executor-0] Resolving eureka endpoints via configuration
2023-06-27 10:04:47,599 INFO com.netflix.discovery.shared.resolver.aws.ConfigClusterResolver [AsyncResolver-bootstrap-executor-0] Resolving eureka endpoints via configuration
2023-06-27 10:09:47,601 INFO com.netflix.discovery.shared.resolver.aws.ConfigClusterResolver [AsyncResolver-bootstrap-executor-0] Resolving eureka endpoints via configuration
2023-06-27 10:14:47,612 INFO com.netflix.discovery.shared.resolver.aws.ConfigClusterResolver [AsyncResolver-bootstrap-executor-0] Resolving eureka endpoints via configuration
2023-06-27 10:19:47,614 INFO com.netflix.discovery.shared.resolver.aws.ConfigClusterResolver [AsyncResolver-bootstrap-executor-0] Resolving eureka endpoints via configuration
2023-06-27 10:24:47,627 INFO com.netflix.discovery.shared.resolver.aws.ConfigClusterResolver [AsyncResolver-bootstrap-executor-0] Resolving eureka endpoints via configuration
2023-06-27 10:29:47,638 INFO com.netflix.discovery.shared.resolver.aws.ConfigClusterResolver [AsyncResolver-bootstrap-executor-0] Resolving eureka endpoints via configuration
2023-06-27 10:34:47,651 INFO com.netflix.discovery.shared.resolver.aws.ConfigClusterResolver [AsyncResolver-bootstrap-executor-0] Resolving eureka endpoints via configuration
2023-06-27 10:39:47,662 INFO com.netflix.discovery.shared.resolver.aws.ConfigClusterResolver [AsyncResolver-bootstrap-executor-0] Resolving eureka endpoints via configuration
2023-06-27 10:44:47,673 INFO com.netflix.discovery.shared.resolver.aws.ConfigClusterResolver [AsyncResolver-bootstrap-executor-0] Resolving eureka endpoints via configuration
2023-06-27 10:49:47,684 INFO com.netflix.discovery.shared.resolver.aws.ConfigClusterResolver [AsyncResolver-bootstrap-executor-0] Resolving eureka endpoints via configuration
2023-06-27 10:54:47,694 INFO com.netflix.discovery.shared.resolver.aws.ConfigClusterResolver [AsyncResolver-bootstrap-executor-0] Resolving eureka endpoints via configuration
2023-06-27 10:59:47,698 INFO com.netflix.discovery.shared.resolver.aws.ConfigClusterResolver [AsyncResolver-bootstrap-executor-0] Resolving eureka endpoints via configuration
2023-06-27 11:04:47,701 INFO com.netflix.discovery.shared.resolver.aws.ConfigClusterResolver [AsyncResolver-bootstrap-executor-0] Resolving eureka endpoints via configuration
2023-06-27 11:09:47,712 INFO com.netflix.discovery.shared.resolver.aws.ConfigClusterResolver [AsyncResolver-bootstrap-executor-0] Resolving eureka endpoints via configuration
2023-06-27 11:14:47,713 INFO com.netflix.discovery.shared.resolver.aws.ConfigClusterResolver [AsyncResolver-bootstrap-executor-0] Resolving eureka endpoints via configuration
2023-06-27 11:19:47,724 INFO com.netflix.discovery.shared.resolver.aws.ConfigClusterResolver [AsyncResolver-bootstrap-executor-0] Resolving eureka endpoints via configuration
2023-06-27 11:24:47,738 INFO com.netflix.discovery.shared.resolver.aws.ConfigClusterResolver [AsyncResolver-bootstrap-executor-0] Resolving eureka endpoints via configuration
2023-06-27 11:29:47,749 INFO com.netflix.discovery.shared.resolver.aws.ConfigClusterResolver [AsyncResolver-bootstrap-executor-0] Resolving eureka endpoints via configuration
2023-06-27 11:34:47,755 INFO com.netflix.discovery.shared.resolver.aws.ConfigClusterResolver [AsyncResolver-bootstrap-executor-0] Resolving eureka endpoints via configuration
2023-06-27 11:39:47,765 INFO com.netflix.discovery.shared.resolver.aws.ConfigClusterResolver [AsyncResolver-bootstrap-executor-0] Resolving eureka endpoints via configuration
2023-06-27 11:44:47,777 INFO com.netflix.discovery.shared.resolver.aws.ConfigClusterResolver [AsyncResolver-bootstrap-executor-0] Resolving eureka endpoints via configuration
2023-06-27 11:49:47,782 INFO com.netflix.discovery.shared.resolver.aws.ConfigClusterResolver [AsyncResolver-bootstrap-executor-0] Resolving eureka endpoints via configuration
2023-06-27 11:54:47,793 INFO com.netflix.discovery.shared.resolver.aws.ConfigClusterResolver [AsyncResolver-bootstrap-executor-0] Resolving eureka endpoints via configuration
2023-06-27 11:59:47,799 INFO com.netflix.discovery.shared.resolver.aws.ConfigClusterResolver [AsyncResolver-bootstrap-executor-0] Resolving eureka endpoints via configuration
2023-06-27 12:04:47,807 INFO com.netflix.discovery.shared.resolver.aws.ConfigClusterResolver [AsyncResolver-bootstrap-executor-0] Resolving eureka endpoints via configuration
2023-06-27 12:09:47,821 INFO com.netflix.discovery.shared.resolver.aws.ConfigClusterResolver [AsyncResolver-bootstrap-executor-0] Resolving eureka endpoints via configuration
2023-06-27 12:14:47,835 INFO com.netflix.discovery.shared.resolver.aws.ConfigClusterResolver [AsyncResolver-bootstrap-executor-0] Resolving eureka endpoints via configuration
2023-06-27 12:19:47,847 INFO com.netflix.discovery.shared.resolver.aws.ConfigClusterResolver [AsyncResolver-bootstrap-executor-0] Resolving eureka endpoints via configuration
2023-06-27 12:24:47,852 INFO com.netflix.discovery.shared.resolver.aws.ConfigClusterResolver [AsyncResolver-bootstrap-executor-0] Resolving eureka endpoints via configuration
2023-06-27 12:29:47,857 INFO com.netflix.discovery.shared.resolver.aws.ConfigClusterResolver [AsyncResolver-bootstrap-executor-0] Resolving eureka endpoints via configuration
2023-06-27 12:34:47,872 INFO com.netflix.discovery.shared.resolver.aws.ConfigClusterResolver [AsyncResolver-bootstrap-executor-0] Resolving eureka endpoints via configuration
2023-06-27 12:39:47,887 INFO com.netflix.discovery.shared.resolver.aws.ConfigClusterResolver [AsyncResolver-bootstrap-executor-0] Resolving eureka endpoints via configuration
2023-06-27 12:44:47,895 INFO com.netflix.discovery.shared.resolver.aws.ConfigClusterResolver [AsyncResolver-bootstrap-executor-0] Resolving eureka endpoints via configuration
2023-06-27 12:49:47,909 INFO com.netflix.discovery.shared.resolver.aws.ConfigClusterResolver [AsyncResolver-bootstrap-executor-0] Resolving eureka endpoints via configuration
2023-06-27 12:54:47,914 INFO com.netflix.discovery.shared.resolver.aws.ConfigClusterResolver [AsyncResolver-bootstrap-executor-0] Resolving eureka endpoints via configuration
2023-06-27 12:59:47,941 INFO com.netflix.discovery.shared.resolver.aws.ConfigClusterResolver [AsyncResolver-bootstrap-executor-0] Resolving eureka endpoints via configuration
2023-06-27 13:04:47,957 INFO com.netflix.discovery.shared.resolver.aws.ConfigClusterResolver [AsyncResolver-bootstrap-executor-0] Resolving eureka endpoints via configuration
2023-06-27 13:09:47,974 INFO com.netflix.discovery.shared.resolver.aws.ConfigClusterResolver [AsyncResolver-bootstrap-executor-0] Resolving eureka endpoints via configuration
2023-06-27 13:14:47,984 INFO com.netflix.discovery.shared.resolver.aws.ConfigClusterResolver [AsyncResolver-bootstrap-executor-0] Resolving eureka endpoints via configuration
2023-06-27 13:19:47,997 INFO com.netflix.discovery.shared.resolver.aws.ConfigClusterResolver [AsyncResolver-bootstrap-executor-0] Resolving eureka endpoints via configuration
2023-06-27 13:24:48,012 INFO com.netflix.discovery.shared.resolver.aws.ConfigClusterResolver [AsyncResolver-bootstrap-executor-0] Resolving eureka endpoints via configuration
2023-06-27 13:29:48,031 INFO com.netflix.discovery.shared.resolver.aws.ConfigClusterResolver [AsyncResolver-bootstrap-executor-0] Resolving eureka endpoints via configuration
2023-06-27 13:34:48,041 INFO com.netflix.discovery.shared.resolver.aws.ConfigClusterResolver [AsyncResolver-bootstrap-executor-0] Resolving eureka endpoints via configuration
2023-06-27 13:39:48,050 INFO com.netflix.discovery.shared.resolver.aws.ConfigClusterResolver [AsyncResolver-bootstrap-executor-0] Resolving eureka endpoints via configuration
2023-06-27 13:44:48,053 INFO com.netflix.discovery.shared.resolver.aws.ConfigClusterResolver [AsyncResolver-bootstrap-executor-0] Resolving eureka endpoints via configuration
2023-06-27 13:49:48,055 INFO com.netflix.discovery.shared.resolver.aws.ConfigClusterResolver [AsyncResolver-bootstrap-executor-0] Resolving eureka endpoints via configuration
2023-06-27 13:54:48,056 INFO com.netflix.discovery.shared.resolver.aws.ConfigClusterResolver [AsyncResolver-bootstrap-executor-0] Resolving eureka endpoints via configuration
2023-06-27 13:59:48,064 INFO com.netflix.discovery.shared.resolver.aws.ConfigClusterResolver [AsyncResolver-bootstrap-executor-0] Resolving eureka endpoints via configuration
2023-06-27 14:04:48,071 INFO com.netflix.discovery.shared.resolver.aws.ConfigClusterResolver [AsyncResolver-bootstrap-executor-0] Resolving eureka endpoints via configuration
2023-06-27 14:46:42,907 WARN com.zaxxer.hikari.pool.HikariPool [CAMUNDA-HIKARI-POOL housekeeper] CAMUNDA-HIKARI-POOL - Thread starvation or clock leap detected (housekeeper delta=39m20s388ms983µs500ns).
2023-06-27 14:48:38,460 INFO com.netflix.discovery.shared.resolver.aws.ConfigClusterResolver [AsyncResolver-bootstrap-executor-0] Resolving eureka endpoints via configuration
2023-06-27 14:53:38,477 INFO com.netflix.discovery.shared.resolver.aws.ConfigClusterResolver [AsyncResolver-bootstrap-executor-0] Resolving eureka endpoints via configuration
2023-06-27 14:58:38,480 INFO com.netflix.discovery.shared.resolver.aws.ConfigClusterResolver [AsyncResolver-bootstrap-executor-0] Resolving eureka endpoints via configuration
2023-06-27 15:03:38,493 INFO com.netflix.discovery.shared.resolver.aws.ConfigClusterResolver [AsyncResolver-bootstrap-executor-0] Resolving eureka endpoints via configuration
2023-06-27 15:08:38,506 INFO com.netflix.discovery.shared.resolver.aws.ConfigClusterResolver [AsyncResolver-bootstrap-executor-0] Resolving eureka endpoints via configuration
2023-06-27 15:13:38,519 INFO com.netflix.discovery.shared.resolver.aws.ConfigClusterResolver [AsyncResolver-bootstrap-executor-0] Resolving eureka endpoints via configuration
2023-06-27 15:18:38,533 INFO com.netflix.discovery.shared.resolver.aws.ConfigClusterResolver [AsyncResolver-bootstrap-executor-0] Resolving eureka endpoints via configuration
2023-06-27 15:23:38,546 INFO com.netflix.discovery.shared.resolver.aws.ConfigClusterResolver [AsyncResolver-bootstrap-executor-0] Resolving eureka endpoints via configuration
2023-06-27 15:28:38,554 INFO com.netflix.discovery.shared.resolver.aws.ConfigClusterResolver [AsyncResolver-bootstrap-executor-0] Resolving eureka endpoints via configuration
2023-06-27 15:33:38,565 INFO com.netflix.discovery.shared.resolver.aws.ConfigClusterResolver [AsyncResolver-bootstrap-executor-0] Resolving eureka endpoints via configuration
2023-06-27 15:38:38,565 INFO com.netflix.discovery.shared.resolver.aws.ConfigClusterResolver [AsyncResolver-bootstrap-executor-0] Resolving eureka endpoints via configuration
2023-06-27 15:43:38,568 INFO com.netflix.discovery.shared.resolver.aws.ConfigClusterResolver [AsyncResolver-bootstrap-executor-0] Resolving eureka endpoints via configuration
2023-06-27 15:48:38,580 INFO com.netflix.discovery.shared.resolver.aws.ConfigClusterResolver [AsyncResolver-bootstrap-executor-0] Resolving eureka endpoints via configuration
2023-06-27 15:53:38,593 INFO com.netflix.discovery.shared.resolver.aws.ConfigClusterResolver [AsyncResolver-bootstrap-executor-0] Resolving eureka endpoints via configuration
2023-06-27 15:58:38,603 INFO com.netflix.discovery.shared.resolver.aws.ConfigClusterResolver [AsyncResolver-bootstrap-executor-0] Resolving eureka endpoints via configuration
2023-06-27 16:03:38,604 INFO com.netflix.discovery.shared.resolver.aws.ConfigClusterResolver [AsyncResolver-bootstrap-executor-0] Resolving eureka endpoints via configuration
2023-06-27 16:08:38,608 INFO com.netflix.discovery.shared.resolver.aws.ConfigClusterResolver [AsyncResolver-bootstrap-executor-0] Resolving eureka endpoints via configuration
2023-06-27 16:13:38,620 INFO com.netflix.discovery.shared.resolver.aws.ConfigClusterResolver [AsyncResolver-bootstrap-executor-0] Resolving eureka endpoints via configuration
2023-06-27 16:18:38,657 INFO com.netflix.discovery.shared.resolver.aws.ConfigClusterResolver [AsyncResolver-bootstrap-executor-0] Resolving eureka endpoints via configuration
2023-06-27 16:23:38,666 INFO com.netflix.discovery.shared.resolver.aws.ConfigClusterResolver [AsyncResolver-bootstrap-executor-0] Resolving eureka endpoints via configuration
2023-06-27 16:28:38,668 INFO com.netflix.discovery.shared.resolver.aws.ConfigClusterResolver [AsyncResolver-bootstrap-executor-0] Resolving eureka endpoints via configuration
2023-06-27 16:33:38,678 INFO com.netflix.discovery.shared.resolver.aws.ConfigClusterResolver [AsyncResolver-bootstrap-executor-0] Resolving eureka endpoints via configuration
2023-06-27 16:38:38,693 INFO com.netflix.discovery.shared.resolver.aws.ConfigClusterResolver [AsyncResolver-bootstrap-executor-0] Resolving eureka endpoints via configuration
2023-06-27 16:43:38,704 INFO com.netflix.discovery.shared.resolver.aws.ConfigClusterResolver [AsyncResolver-bootstrap-executor-0] Resolving eureka endpoints via configuration
2023-06-27 16:48:38,717 INFO com.netflix.discovery.shared.resolver.aws.ConfigClusterResolver [AsyncResolver-bootstrap-executor-0] Resolving eureka endpoints via configuration
2023-06-27 16:53:38,719 INFO com.netflix.discovery.shared.resolver.aws.ConfigClusterResolver [AsyncResolver-bootstrap-executor-0] Resolving eureka endpoints via configuration
2023-06-27 16:58:38,730 INFO com.netflix.discovery.shared.resolver.aws.ConfigClusterResolver [AsyncResolver-bootstrap-executor-0] Resolving eureka endpoints via configuration
2023-06-27 17:03:38,746 INFO com.netflix.discovery.shared.resolver.aws.ConfigClusterResolver [AsyncResolver-bootstrap-executor-0] Resolving eureka endpoints via configuration
2023-06-27 17:08:38,755 INFO com.netflix.discovery.shared.resolver.aws.ConfigClusterResolver [AsyncResolver-bootstrap-executor-0] Resolving eureka endpoints via configuration
2023-06-27 17:13:38,770 INFO com.netflix.discovery.shared.resolver.aws.ConfigClusterResolver [AsyncResolver-bootstrap-executor-0] Resolving eureka endpoints via configuration
2023-06-27 18:56:45,923 WARN com.zaxxer.hikari.pool.HikariPool [CAMUNDA-HIKARI-POOL housekeeper] CAMUNDA-HIKARI-POOL - Thread starvation or clock leap detected (housekeeper delta=1h39m26s938ms7µs500ns).
2023-06-27 18:57:38,989 INFO com.netflix.discovery.shared.resolver.aws.ConfigClusterResolver [AsyncResolver-bootstrap-executor-0] Resolving eureka endpoints via configuration
2023-06-27 19:02:39,003 INFO com.netflix.discovery.shared.resolver.aws.ConfigClusterResolver [AsyncResolver-bootstrap-executor-0] Resolving eureka endpoints via configuration
2023-06-27 19:07:39,015 INFO com.netflix.discovery.shared.resolver.aws.ConfigClusterResolver [AsyncResolver-bootstrap-executor-0] Resolving eureka endpoints via configuration
2023-06-27 19:12:39,016 INFO com.netflix.discovery.shared.resolver.aws.ConfigClusterResolver [AsyncResolver-bootstrap-executor-0] Resolving eureka endpoints via configuration
2023-06-27 19:17:39,026 INFO com.netflix.discovery.shared.resolver.aws.ConfigClusterResolver [AsyncResolver-bootstrap-executor-0] Resolving eureka endpoints via configuration
2023-06-27 19:22:39,036 INFO com.netflix.discovery.shared.resolver.aws.ConfigClusterResolver [AsyncResolver-bootstrap-executor-0] Resolving eureka endpoints via configuration
2023-06-27 19:27:39,046 INFO com.netflix.discovery.shared.resolver.aws.ConfigClusterResolver [AsyncResolver-bootstrap-executor-0] Resolving eureka endpoints via configuration
2023-06-27 19:32:39,055 INFO com.netflix.discovery.shared.resolver.aws.ConfigClusterResolver [AsyncResolver-bootstrap-executor-0] Resolving eureka endpoints via configuration
2023-06-27 19:37:39,069 INFO com.netflix.discovery.shared.resolver.aws.ConfigClusterResolver [AsyncResolver-bootstrap-executor-0] Resolving eureka endpoints via configuration
2023-06-27 19:42:39,076 INFO com.netflix.discovery.shared.resolver.aws.ConfigClusterResolver [AsyncResolver-bootstrap-executor-0] Resolving eureka endpoints via configuration
2023-06-27 19:47:39,083 INFO com.netflix.discovery.shared.resolver.aws.ConfigClusterResolver [AsyncResolver-bootstrap-executor-0] Resolving eureka endpoints via configuration
2023-06-27 19:52:39,088 INFO com.netflix.discovery.shared.resolver.aws.ConfigClusterResolver [AsyncResolver-bootstrap-executor-0] Resolving eureka endpoints via configuration
2023-06-27 19:57:39,103 INFO com.netflix.discovery.shared.resolver.aws.ConfigClusterResolver [AsyncResolver-bootstrap-executor-0] Resolving eureka endpoints via configuration
2023-06-27 20:02:39,108 INFO com.netflix.discovery.shared.resolver.aws.ConfigClusterResolver [AsyncResolver-bootstrap-executor-0] Resolving eureka endpoints via configuration
2023-06-27 20:48:23,044 WARN com.zaxxer.hikari.pool.HikariPool [CAMUNDA-HIKARI-POOL housekeeper] CAMUNDA-HIKARI-POOL - Thread starvation or clock leap detected (housekeeper delta=43m35s963ms209µs600ns).
2023-06-27 20:50:45,073 INFO com.netflix.discovery.shared.resolver.aws.ConfigClusterResolver [AsyncResolver-bootstrap-executor-0] Resolving eureka endpoints via configuration
2023-06-27 20:55:45,084 INFO com.netflix.discovery.shared.resolver.aws.ConfigClusterResolver [AsyncResolver-bootstrap-executor-0] Resolving eureka endpoints via configuration
2023-06-27 21:00:45,092 INFO com.netflix.discovery.shared.resolver.aws.ConfigClusterResolver [AsyncResolver-bootstrap-executor-0] Resolving eureka endpoints via configuration
2023-06-27 21:05:45,100 INFO com.netflix.discovery.shared.resolver.aws.ConfigClusterResolver [AsyncResolver-bootstrap-executor-0] Resolving eureka endpoints via configuration
2023-06-27 21:10:45,113 INFO com.netflix.discovery.shared.resolver.aws.ConfigClusterResolver [AsyncResolver-bootstrap-executor-0] Resolving eureka endpoints via configuration
2023-06-27 21:15:45,120 INFO com.netflix.discovery.shared.resolver.aws.ConfigClusterResolver [AsyncResolver-bootstrap-executor-0] Resolving eureka endpoints via configuration
2023-06-27 21:20:45,130 INFO com.netflix.discovery.shared.resolver.aws.ConfigClusterResolver [AsyncResolver-bootstrap-executor-0] Resolving eureka endpoints via configuration
2023-06-27 21:25:45,142 INFO com.netflix.discovery.shared.resolver.aws.ConfigClusterResolver [AsyncResolver-bootstrap-executor-0] Resolving eureka endpoints via configuration
2023-06-27 21:30:45,152 INFO com.netflix.discovery.shared.resolver.aws.ConfigClusterResolver [AsyncResolver-bootstrap-executor-0] Resolving eureka endpoints via configuration
2023-06-27 21:35:45,165 INFO com.netflix.discovery.shared.resolver.aws.ConfigClusterResolver [AsyncResolver-bootstrap-executor-0] Resolving eureka endpoints via configuration
2023-06-27 21:40:45,176 INFO com.netflix.discovery.shared.resolver.aws.ConfigClusterResolver [AsyncResolver-bootstrap-executor-0] Resolving eureka endpoints via configuration
2023-06-27 21:45:45,179 INFO com.netflix.discovery.shared.resolver.aws.ConfigClusterResolver [AsyncResolver-bootstrap-executor-0] Resolving eureka endpoints via configuration
2023-06-27 21:50:45,193 INFO com.netflix.discovery.shared.resolver.aws.ConfigClusterResolver [AsyncResolver-bootstrap-executor-0] Resolving eureka endpoints via configuration
2023-06-27 21:55:45,207 INFO com.netflix.discovery.shared.resolver.aws.ConfigClusterResolver [AsyncResolver-bootstrap-executor-0] Resolving eureka endpoints via configuration
2023-06-27 21:57:02,921 INFO org.hibernate.validator.internal.util.Version [background-preinit] HV000001: Hibernate Validator 6.2.0.Final
2023-06-27 21:57:02,939 INFO br.com.posarquiteturapuc2022.GisaModServiceAssociateApplication [main] Starting GisaModServiceAssociateApplication using Java 11.0.17 on AVELLHYBA70ALV with PID 25236 (C:\desenvolvimento\tcc\boasaude\workspace\gisa-mod-service-associate\target\classes started by alvar in C:\desenvolvimento\tcc\boasaude\workspace\gisa-mod-service-associate)
2023-06-27 21:57:02,941 INFO br.com.posarquiteturapuc2022.GisaModServiceAssociateApplication [main] The following profiles are active: dev
2023-06-27 21:57:03,560 INFO org.springframework.data.repository.config.RepositoryConfigurationDelegate [main] Bootstrapping Spring Data JPA repositories in DEFAULT mode.
2023-06-27 21:57:03,729 INFO org.springframework.data.repository.config.RepositoryConfigurationDelegate [main] Finished Spring Data repository scanning in 163 ms. Found 1 JPA repository interfaces.
2023-06-27 21:57:03,926 INFO org.springframework.cloud.context.scope.GenericScope [main] BeanFactory id=a2b4ad9c-6fb6-3be6-9cfb-02915439b1ae
2023-06-27 21:57:04,423 INFO org.springframework.boot.web.embedded.tomcat.TomcatWebServer [main] Tomcat initialized with port(s): 9091 (http)
2023-06-27 21:57:04,431 INFO org.apache.coyote.http11.Http11NioProtocol [main] Initializing ProtocolHandler ["http-nio-9091"]
2023-06-27 21:57:04,431 INFO org.apache.catalina.core.StandardService [main] Starting service [Tomcat]
2023-06-27 21:57:04,431 INFO org.apache.catalina.core.StandardEngine [main] Starting Servlet engine: [Apache Tomcat/9.0.56]
2023-06-27 21:57:04,536 INFO org.apache.catalina.core.ContainerBase.[Tomcat].[localhost].[/gisa-mod-service-associate] [main] Initializing Spring embedded WebApplicationContext
2023-06-27 21:57:04,536 INFO org.springframework.boot.web.servlet.context.ServletWebServerApplicationContext [main] Root WebApplicationContext: initialization completed in 1566 ms
2023-06-27 21:57:04,554 INFO org.camunda.bpm.spring.boot.starter.rest.CamundaJerseyResourceConfig [main] Configuring camunda rest api.
2023-06-27 21:57:04,570 INFO org.camunda.bpm.spring.boot.starter.rest.CamundaJerseyResourceConfig [main] Finished configuring camunda rest api.
2023-06-27 21:57:04,954 INFO org.hibernate.jpa.internal.util.LogHelper [main] HHH000204: Processing PersistenceUnitInfo [name: default]
2023-06-27 21:57:05,039 INFO org.hibernate.Version [main] HHH000412: Hibernate ORM core version 5.6.3.Final
2023-06-27 21:57:05,164 INFO org.hibernate.annotations.common.Version [main] HCANN000001: Hibernate Commons Annotations {5.1.2.Final}
2023-06-27 21:57:05,254 INFO org.hibernate.dialect.Dialect [main] HHH000400: Using dialect: org.hibernate.dialect.PostgreSQL9Dialect
2023-06-27 21:57:05,892 WARN com.zaxxer.hikari.HikariConfig [main] CAMUNDA-HIKARI-POOL - idleTimeout has been set but has no effect because the pool is operating as a fixed size pool.
2023-06-27 21:57:05,892 INFO com.zaxxer.hikari.HikariDataSource [main] CAMUNDA-HIKARI-POOL - Starting...
2023-06-27 21:57:06,123 INFO com.zaxxer.hikari.HikariDataSource [main] CAMUNDA-HIKARI-POOL - Start completed.
2023-06-27 21:57:06,229 INFO org.hibernate.engine.transaction.jta.platform.internal.JtaPlatformInitiator [main] HHH000490: Using JtaPlatform implementation: [org.hibernate.engine.transaction.jta.platform.internal.NoJtaPlatform]
2023-06-27 21:57:06,239 INFO org.springframework.orm.jpa.LocalContainerEntityManagerFactoryBean [main] Initialized JPA EntityManagerFactory for persistence unit 'default'
2023-06-27 21:57:06,372 WARN org.springframework.boot.autoconfigure.orm.jpa.JpaBaseConfiguration$JpaWebConfiguration [main] spring.jpa.open-in-view is enabled by default. Therefore, database queries may be performed during view rendering. Explicitly configure spring.jpa.open-in-view to disable this warning
2023-06-27 21:57:06,775 INFO org.camunda.bpm.spring.boot [main] STARTER-SB040 Setting up jobExecutor with corePoolSize=3, maxPoolSize:10
2023-06-27 21:57:06,941 INFO org.camunda.bpm.engine.cfg [main] ENGINE-12003 Plugin 'CompositeProcessEnginePlugin[genericPropertiesConfiguration, camundaProcessEngineConfiguration, camundaDatasourceConfiguration, camundaJpaConfiguration, camundaJobConfiguration, camundaHistoryConfiguration, camundaMetricsConfiguration, camundaAuthorizationConfiguration, camundaDeploymentConfiguration, CreateAdminUserConfiguration[adminUser=AdminUserProperty[id=demo, firstName=Andromeda, lastName=Galaxy, email=ufo@andromeda.com, password=******]], failedJobConfiguration, CreateFilterConfiguration[filterName=All], eventPublisherPlugin, ApplicationContextClassloaderSwitchPlugin, SpringBootSpinProcessEnginePlugin]' activated on process engine 'default'
2023-06-27 21:57:07,836 WARN org.camunda.bpm.spring.boot.starter.configuration.impl.DefaultDeploymentConfiguration [main] unable to determine if resource URL [jar:file:C:\Users\alvar\.m2\repository\org\camunda\bpm\dmn\camunda-engine-dmn\7.16.0\camunda-engine-dmn-7.16.0.jar!/META-INF/maven/org.camunda.bpm.dmn/] is a deployable resource
2023-06-27 21:57:07,836 WARN org.camunda.bpm.spring.boot.starter.configuration.impl.DefaultDeploymentConfiguration [main] unable to determine if resource URL [jar:file:C:\Users\alvar\.m2\repository\org\camunda\bpm\dmn\camunda-engine-feel-api\7.16.0\camunda-engine-feel-api-7.16.0.jar!/META-INF/maven/org.camunda.bpm.dmn/] is a deployable resource
2023-06-27 21:57:07,836 WARN org.camunda.bpm.spring.boot.starter.configuration.impl.DefaultDeploymentConfiguration [main] unable to determine if resource URL [jar:file:C:\Users\alvar\.m2\repository\org\camunda\bpm\dmn\camunda-engine-feel-juel\7.16.0\camunda-engine-feel-juel-7.16.0.jar!/META-INF/maven/org.camunda.bpm.dmn/] is a deployable resource
2023-06-27 21:57:07,837 WARN org.camunda.bpm.spring.boot.starter.configuration.impl.DefaultDeploymentConfiguration [main] unable to determine if resource URL [jar:file:C:\Users\alvar\.m2\repository\org\camunda\bpm\dmn\camunda-engine-feel-scala\7.16.0\camunda-engine-feel-scala-7.16.0.jar!/META-INF/maven/org.camunda.bpm.dmn/] is a deployable resource
2023-06-27 21:57:07,837 INFO org.camunda.bpm.spring.boot [main] STARTER-SB021 Auto-Deploying resources: [file [C:\desenvolvimento\tcc\boasaude\workspace\gisa-mod-service-associate\target\classes\diagrama_gisa_servicos_associados.bpmn]]
2023-06-27 21:57:07,844 INFO org.camunda.bpm.spring.boot.starter.event.EventPublisherPlugin [main] EVENTING-001: Initialized Camunda Spring Boot Eventing Engine Plugin.
2023-06-27 21:57:07,844 INFO org.camunda.bpm.spring.boot.starter.event.EventPublisherPlugin [main] EVENTING-003: Task events will be published as Spring Events.
2023-06-27 21:57:07,844 INFO org.camunda.bpm.spring.boot.starter.event.EventPublisherPlugin [main] EVENTING-005: Execution events will be published as Spring Events.
2023-06-27 21:57:07,846 INFO org.camunda.bpm.spring.boot.starter.event.EventPublisherPlugin [main] EVENTING-007: History events will be published as Spring events.
2023-06-27 21:57:07,850 INFO org.camunda.spin [main] SPIN-01010 Discovered Spin data format provider: org.camunda.spin.impl.json.jackson.format.JacksonJsonDataFormatProvider[name = application/json]
2023-06-27 21:57:08,014 INFO org.camunda.spin [main] SPIN-01010 Discovered Spin data format provider: org.camunda.spin.impl.xml.dom.format.DomXmlDataFormatProvider[name = application/xml]
2023-06-27 21:57:08,019 INFO org.camunda.spin [main] SPIN-01009 Discovered Spin data format: org.camunda.spin.impl.xml.dom.format.DomXmlDataFormat[name = application/xml]
2023-06-27 21:57:08,020 INFO org.camunda.spin [main] SPIN-01009 Discovered Spin data format: org.camunda.spin.impl.json.jackson.format.JacksonJsonDataFormat[name = application/json]
2023-06-27 21:57:08,177 INFO org.camunda.bpm.dmn.feel.scala [main] FEEL/SCALA-01001 Spin value mapper detected
2023-06-27 21:57:08,232 INFO org.camunda.feel.FeelEngine [main] Engine created. [value-mapper: CompositeValueMapper(List(org.camunda.feel.impl.JavaValueMapper@3f7030b5, org.camunda.spin.plugin.impl.feel.integration.SpinValueMapper@774b798)), function-provider: org.camunda.bpm.dmn.feel.impl.scala.function.CustomFunctionTransformer@59294f29, clock: SystemClock, configuration: Configuration(false)]
2023-06-27 21:57:11,286 INFO org.camunda.bpm.connect [main] CNCT-01004 Discovered provider for connector id 'http-connector' and class 'org.camunda.connect.httpclient.impl.HttpConnectorImpl': 'org.camunda.connect.httpclient.impl.HttpConnectorProviderImpl'
2023-06-27 21:57:11,287 INFO org.camunda.bpm.connect [main] CNCT-01004 Discovered provider for connector id 'soap-http-connector' and class 'org.camunda.connect.httpclient.soap.impl.SoapHttpConnectorImpl': 'org.camunda.connect.httpclient.soap.impl.SoapHttpConnectorProviderImpl'
2023-06-27 21:57:11,451 INFO org.camunda.bpm.engine [main] ENGINE-00001 Process Engine default created.
2023-06-27 21:57:11,479 INFO org.camunda.bpm.spring.boot [main] STARTER-SB011 skip creating initial Admin User, user does exist: UserEntity[id=demo, revision=1, firstName=Andromeda, lastName=Galaxy, email=ufo@andromeda.com, password={SHA-512}iYLA51eNHSmPbOVm3hlNo4Ef6ILcc1DEFu2VRxGJlM8dO9jJE0wAHXQkV9jEXIlJBiRoQyRYkk64EuPhlJkWug==, salt=cBOApNh8U2ZMEQjsk41/Vw==, lockExpirationTime=null, attempts=0]
2023-06-27 21:57:11,481 INFO org.camunda.bpm.spring.boot [main] STARTER-SB016 Skip initial filter creation, the filter with this name already exists: All
2023-06-27 21:57:12,605 INFO org.camunda.bpm.spring.boot.starter.webapp.filter.LazyInitRegistration [main] lazy initialized org.camunda.bpm.spring.boot.starter.webapp.filter.LazySecurityFilter@2b1d1a5
2023-06-27 21:57:12,605 INFO org.camunda.bpm.spring.boot.starter.webapp.filter.LazyInitRegistration [main] lazy initialized org.camunda.bpm.spring.boot.starter.webapp.filter.LazyProcessEnginesFilter@3e2772a9
2023-06-27 21:57:13,497 INFO org.springframework.cloud.netflix.eureka.config.DiscoveryClientOptionalArgsConfiguration [main] Eureka HTTP Client uses RestTemplate.
2023-06-27 21:57:13,945 WARN org.springframework.cloud.loadbalancer.config.LoadBalancerCacheAutoConfiguration$LoadBalancerCaffeineWarnLogger [main] Spring Cloud LoadBalancer is currently working with the default cache. You can switch to using Caffeine cache, by adding it and org.springframework.cache.caffeine.CaffeineCacheManager to the classpath.
2023-06-27 21:57:14,021 INFO org.springframework.cloud.netflix.eureka.InstanceInfoFactory [main] Setting initial instance status as: STARTING
2023-06-27 21:57:14,053 INFO com.netflix.discovery.DiscoveryClient [main] Initializing Eureka in region us-east-1
2023-06-27 21:57:14,058 INFO com.netflix.discovery.shared.resolver.aws.ConfigClusterResolver [main] Resolving eureka endpoints via configuration
2023-06-27 21:57:14,078 INFO com.netflix.discovery.DiscoveryClient [main] Disable delta property : false
2023-06-27 21:57:14,078 INFO com.netflix.discovery.DiscoveryClient [main] Single vip registry refresh property : null
2023-06-27 21:57:14,078 INFO com.netflix.discovery.DiscoveryClient [main] Force full registry fetch : false
2023-06-27 21:57:14,078 INFO com.netflix.discovery.DiscoveryClient [main] Application is null : false
2023-06-27 21:57:14,078 INFO com.netflix.discovery.DiscoveryClient [main] Registered Applications size is zero : true
2023-06-27 21:57:14,078 INFO com.netflix.discovery.DiscoveryClient [main] Application version is -1: true
2023-06-27 21:57:14,078 INFO com.netflix.discovery.DiscoveryClient [main] Getting all instance registry info from the eureka server
2023-06-27 21:57:14,237 INFO com.netflix.discovery.DiscoveryClient [main] The response status is 200
2023-06-27 21:57:14,239 INFO com.netflix.discovery.DiscoveryClient [main] Starting heartbeat executor: renew interval is: 30
2023-06-27 21:57:14,241 INFO com.netflix.discovery.InstanceInfoReplicator [main] InstanceInfoReplicator onDemand update allowed rate per min is 4
2023-06-27 21:57:14,245 INFO com.netflix.discovery.DiscoveryClient [main] Discovery Client initialized at timestamp 1687913834244 with initial instances count: 4
2023-06-27 21:57:14,251 INFO org.springframework.cloud.netflix.eureka.serviceregistry.EurekaServiceRegistry [main] Registering application GISA-MOD-SERVICE-ASSOCIATE with eureka with status UP
2023-06-27 21:57:14,251 INFO com.netflix.discovery.DiscoveryClient [main] Saw local status change event StatusChangeEvent [timestamp=1687913834251, current=UP, previous=STARTING]
2023-06-27 21:57:14,253 INFO com.netflix.discovery.DiscoveryClient [DiscoveryClient-InstanceInfoReplicator-0] DiscoveryClient_GISA-MOD-SERVICE-ASSOCIATE/AVELLHYBA70ALV:gisa-mod-service-associate:9091: registering service...
2023-06-27 21:57:14,253 INFO org.apache.coyote.http11.Http11NioProtocol [main] Starting ProtocolHandler ["http-nio-9091"]
2023-06-27 21:57:14,271 INFO org.springframework.boot.web.embedded.tomcat.TomcatWebServer [main] Tomcat started on port(s): 9091 (http) with context path '/gisa-mod-service-associate'
2023-06-27 21:57:14,271 INFO org.springframework.cloud.netflix.eureka.serviceregistry.EurekaAutoServiceRegistration [main] Updating port to 9091
2023-06-27 21:57:14,281 INFO com.netflix.discovery.DiscoveryClient [DiscoveryClient-InstanceInfoReplicator-0] DiscoveryClient_GISA-MOD-SERVICE-ASSOCIATE/AVELLHYBA70ALV:gisa-mod-service-associate:9091 - registration status: 204
2023-06-27 21:57:14,762 INFO br.com.posarquiteturapuc2022.GisaModServiceAssociateApplication [main] Started GisaModServiceAssociateApplication in 12.666 seconds (JVM running for 13.727)
2023-06-27 21:57:14,765 INFO org.camunda.bpm.engine.jobexecutor [main] ENGINE-14014 Starting up the JobExecutor[org.camunda.bpm.engine.spring.components.jobexecutor.SpringJobExecutor].
2023-06-27 21:57:14,766 INFO org.camunda.bpm.engine.jobexecutor [JobExecutor[org.camunda.bpm.engine.spring.components.jobexecutor.SpringJobExecutor]] ENGINE-14018 JobExecutor[org.camunda.bpm.engine.spring.components.jobexecutor.SpringJobExecutor] starting to acquire jobs
2023-06-27 21:59:26,195 INFO org.hibernate.validator.internal.util.Version [background-preinit] HV000001: Hibernate Validator 6.2.0.Final
2023-06-27 21:59:26,223 INFO br.com.posarquiteturapuc2022.GisaModServiceAssociateApplication [main] Starting GisaModServiceAssociateApplication using Java 11.0.17 on AVELLHYBA70ALV with PID 31216 (C:\desenvolvimento\tcc\boasaude\workspace\gisa-mod-service-associate\target\classes started by alvar in C:\desenvolvimento\tcc\boasaude\workspace\gisa-mod-service-associate)
2023-06-27 21:59:26,225 INFO br.com.posarquiteturapuc2022.GisaModServiceAssociateApplication [main] The following profiles are active: dev
2023-06-27 21:59:26,859 INFO org.springframework.data.repository.config.RepositoryConfigurationDelegate [main] Bootstrapping Spring Data JPA repositories in DEFAULT mode.
2023-06-27 21:59:26,999 INFO org.springframework.data.repository.config.RepositoryConfigurationDelegate [main] Finished Spring Data repository scanning in 132 ms. Found 1 JPA repository interfaces.
2023-06-27 21:59:27,180 INFO org.springframework.cloud.context.scope.GenericScope [main] BeanFactory id=a2b4ad9c-6fb6-3be6-9cfb-02915439b1ae
2023-06-27 21:59:27,626 INFO org.springframework.boot.web.embedded.tomcat.TomcatWebServer [main] Tomcat initialized with port(s): 9091 (http)
2023-06-27 21:59:27,634 INFO org.apache.coyote.http11.Http11NioProtocol [main] Initializing ProtocolHandler ["http-nio-9091"]
2023-06-27 21:59:27,634 INFO org.apache.catalina.core.StandardService [main] Starting service [Tomcat]
2023-06-27 21:59:27,635 INFO org.apache.catalina.core.StandardEngine [main] Starting Servlet engine: [Apache Tomcat/9.0.56]
2023-06-27 21:59:27,727 INFO org.apache.catalina.core.ContainerBase.[Tomcat].[localhost].[/gisa-mod-service-associate] [main] Initializing Spring embedded WebApplicationContext
2023-06-27 21:59:27,727 INFO org.springframework.boot.web.servlet.context.ServletWebServerApplicationContext [main] Root WebApplicationContext: initialization completed in 1470 ms
2023-06-27 21:59:27,745 INFO org.camunda.bpm.spring.boot.starter.rest.CamundaJerseyResourceConfig [main] Configuring camunda rest api.
2023-06-27 21:59:27,757 INFO org.camunda.bpm.spring.boot.starter.rest.CamundaJerseyResourceConfig [main] Finished configuring camunda rest api.
2023-06-27 21:59:28,067 INFO org.hibernate.jpa.internal.util.LogHelper [main] HHH000204: Processing PersistenceUnitInfo [name: default]
2023-06-27 21:59:28,106 INFO org.hibernate.Version [main] HHH000412: Hibernate ORM core version 5.6.3.Final
2023-06-27 21:59:28,220 INFO org.hibernate.annotations.common.Version [main] HCANN000001: Hibernate Commons Annotations {5.1.2.Final}
2023-06-27 21:59:28,306 INFO org.hibernate.dialect.Dialect [main] HHH000400: Using dialect: org.hibernate.dialect.PostgreSQL9Dialect
2023-06-27 21:59:28,848 WARN com.zaxxer.hikari.HikariConfig [main] CAMUNDA-HIKARI-POOL - idleTimeout has been set but has no effect because the pool is operating as a fixed size pool.
2023-06-27 21:59:28,848 INFO com.zaxxer.hikari.HikariDataSource [main] CAMUNDA-HIKARI-POOL - Starting...
2023-06-27 21:59:29,012 INFO com.zaxxer.hikari.HikariDataSource [main] CAMUNDA-HIKARI-POOL - Start completed.
2023-06-27 21:59:29,078 INFO org.hibernate.engine.transaction.jta.platform.internal.JtaPlatformInitiator [main] HHH000490: Using JtaPlatform implementation: [org.hibernate.engine.transaction.jta.platform.internal.NoJtaPlatform]
2023-06-27 21:59:29,087 INFO org.springframework.orm.jpa.LocalContainerEntityManagerFactoryBean [main] Initialized JPA EntityManagerFactory for persistence unit 'default'
2023-06-27 21:59:29,234 WARN org.springframework.boot.autoconfigure.orm.jpa.JpaBaseConfiguration$JpaWebConfiguration [main] spring.jpa.open-in-view is enabled by default. Therefore, database queries may be performed during view rendering. Explicitly configure spring.jpa.open-in-view to disable this warning
2023-06-27 21:59:29,659 INFO org.camunda.bpm.spring.boot [main] STARTER-SB040 Setting up jobExecutor with corePoolSize=3, maxPoolSize:10
2023-06-27 21:59:29,784 INFO org.camunda.bpm.engine.cfg [main] ENGINE-12003 Plugin 'CompositeProcessEnginePlugin[genericPropertiesConfiguration, camundaProcessEngineConfiguration, camundaDatasourceConfiguration, camundaJpaConfiguration, camundaJobConfiguration, camundaHistoryConfiguration, camundaMetricsConfiguration, camundaAuthorizationConfiguration, camundaDeploymentConfiguration, CreateAdminUserConfiguration[adminUser=AdminUserProperty[id=demo, firstName=Andromeda, lastName=Galaxy, email=ufo@andromeda.com, password=******]], failedJobConfiguration, CreateFilterConfiguration[filterName=All], eventPublisherPlugin, ApplicationContextClassloaderSwitchPlugin, SpringBootSpinProcessEnginePlugin]' activated on process engine 'default'
2023-06-27 21:59:30,573 WARN org.camunda.bpm.spring.boot.starter.configuration.impl.DefaultDeploymentConfiguration [main] unable to determine if resource URL [jar:file:C:\Users\alvar\.m2\repository\org\camunda\bpm\dmn\camunda-engine-dmn\7.16.0\camunda-engine-dmn-7.16.0.jar!/META-INF/maven/org.camunda.bpm.dmn/] is a deployable resource
2023-06-27 21:59:30,574 WARN org.camunda.bpm.spring.boot.starter.configuration.impl.DefaultDeploymentConfiguration [main] unable to determine if resource URL [jar:file:C:\Users\alvar\.m2\repository\org\camunda\bpm\dmn\camunda-engine-feel-api\7.16.0\camunda-engine-feel-api-7.16.0.jar!/META-INF/maven/org.camunda.bpm.dmn/] is a deployable resource
2023-06-27 21:59:30,574 WARN org.camunda.bpm.spring.boot.starter.configuration.impl.DefaultDeploymentConfiguration [main] unable to determine if resource URL [jar:file:C:\Users\alvar\.m2\repository\org\camunda\bpm\dmn\camunda-engine-feel-juel\7.16.0\camunda-engine-feel-juel-7.16.0.jar!/META-INF/maven/org.camunda.bpm.dmn/] is a deployable resource
2023-06-27 21:59:30,574 WARN org.camunda.bpm.spring.boot.starter.configuration.impl.DefaultDeploymentConfiguration [main] unable to determine if resource URL [jar:file:C:\Users\alvar\.m2\repository\org\camunda\bpm\dmn\camunda-engine-feel-scala\7.16.0\camunda-engine-feel-scala-7.16.0.jar!/META-INF/maven/org.camunda.bpm.dmn/] is a deployable resource
2023-06-27 21:59:30,574 INFO org.camunda.bpm.spring.boot [main] STARTER-SB021 Auto-Deploying resources: [file [C:\desenvolvimento\tcc\boasaude\workspace\gisa-mod-service-associate\target\classes\diagrama_gisa_servicos_associados.bpmn]]
2023-06-27 21:59:30,576 INFO org.camunda.bpm.spring.boot.starter.event.EventPublisherPlugin [main] EVENTING-001: Initialized Camunda Spring Boot Eventing Engine Plugin.
2023-06-27 21:59:30,576 INFO org.camunda.bpm.spring.boot.starter.event.EventPublisherPlugin [main] EVENTING-003: Task events will be published as Spring Events.
2023-06-27 21:59:30,576 INFO org.camunda.bpm.spring.boot.starter.event.EventPublisherPlugin [main] EVENTING-005: Execution events will be published as Spring Events.
2023-06-27 21:59:30,578 INFO org.camunda.bpm.spring.boot.starter.event.EventPublisherPlugin [main] EVENTING-007: History events will be published as Spring events.
2023-06-27 21:59:30,581 INFO org.camunda.spin [main] SPIN-01010 Discovered Spin data format provider: org.camunda.spin.impl.json.jackson.format.JacksonJsonDataFormatProvider[name = application/json]
2023-06-27 21:59:30,709 INFO org.camunda.spin [main] SPIN-01010 Discovered Spin data format provider: org.camunda.spin.impl.xml.dom.format.DomXmlDataFormatProvider[name = application/xml]
2023-06-27 21:59:30,714 INFO org.camunda.spin [main] SPIN-01009 Discovered Spin data format: org.camunda.spin.impl.xml.dom.format.DomXmlDataFormat[name = application/xml]
2023-06-27 21:59:30,714 INFO org.camunda.spin [main] SPIN-01009 Discovered Spin data format: org.camunda.spin.impl.json.jackson.format.JacksonJsonDataFormat[name = application/json]
2023-06-27 21:59:30,833 INFO org.camunda.bpm.dmn.feel.scala [main] FEEL/SCALA-01001 Spin value mapper detected
2023-06-27 21:59:30,880 INFO org.camunda.feel.FeelEngine [main] Engine created. [value-mapper: CompositeValueMapper(List(org.camunda.feel.impl.JavaValueMapper@136a2e3b, org.camunda.spin.plugin.impl.feel.integration.SpinValueMapper@62a5e4c7)), function-provider: org.camunda.bpm.dmn.feel.impl.scala.function.CustomFunctionTransformer@5c902a83, clock: SystemClock, configuration: Configuration(false)]
2023-06-27 21:59:33,755 INFO org.camunda.bpm.connect [main] CNCT-01004 Discovered provider for connector id 'http-connector' and class 'org.camunda.connect.httpclient.impl.HttpConnectorImpl': 'org.camunda.connect.httpclient.impl.HttpConnectorProviderImpl'
2023-06-27 21:59:33,756 INFO org.camunda.bpm.connect [main] CNCT-01004 Discovered provider for connector id 'soap-http-connector' and class 'org.camunda.connect.httpclient.soap.impl.SoapHttpConnectorImpl': 'org.camunda.connect.httpclient.soap.impl.SoapHttpConnectorProviderImpl'
2023-06-27 21:59:33,903 INFO org.camunda.bpm.engine [main] ENGINE-00001 Process Engine default created.
2023-06-27 21:59:33,926 INFO org.camunda.bpm.spring.boot [main] STARTER-SB011 skip creating initial Admin User, user does exist: UserEntity[id=demo, revision=1, firstName=Andromeda, lastName=Galaxy, email=ufo@andromeda.com, password={SHA-512}iYLA51eNHSmPbOVm3hlNo4Ef6ILcc1DEFu2VRxGJlM8dO9jJE0wAHXQkV9jEXIlJBiRoQyRYkk64EuPhlJkWug==, salt=cBOApNh8U2ZMEQjsk41/Vw==, lockExpirationTime=null, attempts=0]
2023-06-27 21:59:33,929 INFO org.camunda.bpm.spring.boot [main] STARTER-SB016 Skip initial filter creation, the filter with this name already exists: All
2023-06-27 21:59:34,904 INFO org.camunda.bpm.spring.boot.starter.webapp.filter.LazyInitRegistration [main] lazy initialized org.camunda.bpm.spring.boot.starter.webapp.filter.LazySecurityFilter@2b1d1a5
2023-06-27 21:59:34,904 INFO org.camunda.bpm.spring.boot.starter.webapp.filter.LazyInitRegistration [main] lazy initialized org.camunda.bpm.spring.boot.starter.webapp.filter.LazyProcessEnginesFilter@3e2772a9
2023-06-27 21:59:35,741 INFO org.springframework.cloud.netflix.eureka.config.DiscoveryClientOptionalArgsConfiguration [main] Eureka HTTP Client uses RestTemplate.
2023-06-27 21:59:36,334 WARN org.springframework.cloud.loadbalancer.config.LoadBalancerCacheAutoConfiguration$LoadBalancerCaffeineWarnLogger [main] Spring Cloud LoadBalancer is currently working with the default cache. You can switch to using Caffeine cache, by adding it and org.springframework.cache.caffeine.CaffeineCacheManager to the classpath.
2023-06-27 21:59:36,412 INFO org.springframework.cloud.netflix.eureka.InstanceInfoFactory [main] Setting initial instance status as: STARTING
2023-06-27 21:59:36,445 INFO com.netflix.discovery.DiscoveryClient [main] Initializing Eureka in region us-east-1
2023-06-27 21:59:36,450 INFO com.netflix.discovery.shared.resolver.aws.ConfigClusterResolver [main] Resolving eureka endpoints via configuration
2023-06-27 21:59:36,471 INFO com.netflix.discovery.DiscoveryClient [main] Disable delta property : false
2023-06-27 21:59:36,471 INFO com.netflix.discovery.DiscoveryClient [main] Single vip registry refresh property : null
2023-06-27 21:59:36,471 INFO com.netflix.discovery.DiscoveryClient [main] Force full registry fetch : false
2023-06-27 21:59:36,471 INFO com.netflix.discovery.DiscoveryClient [main] Application is null : false
2023-06-27 21:59:36,471 INFO com.netflix.discovery.DiscoveryClient [main] Registered Applications size is zero : true
2023-06-27 21:59:36,471 INFO com.netflix.discovery.DiscoveryClient [main] Application version is -1: true
2023-06-27 21:59:36,471 INFO com.netflix.discovery.DiscoveryClient [main] Getting all instance registry info from the eureka server
2023-06-27 21:59:36,630 INFO com.netflix.discovery.DiscoveryClient [main] The response status is 200
2023-06-27 21:59:36,632 INFO com.netflix.discovery.DiscoveryClient [main] Starting heartbeat executor: renew interval is: 30
2023-06-27 21:59:36,634 INFO com.netflix.discovery.InstanceInfoReplicator [main] InstanceInfoReplicator onDemand update allowed rate per min is 4
2023-06-27 21:59:36,637 INFO com.netflix.discovery.DiscoveryClient [main] Discovery Client initialized at timestamp 1687913976637 with initial instances count: 3
2023-06-27 21:59:36,644 INFO org.springframework.cloud.netflix.eureka.serviceregistry.EurekaServiceRegistry [main] Registering application GISA-MOD-SERVICE-ASSOCIATE with eureka with status UP
2023-06-27 21:59:36,644 INFO com.netflix.discovery.DiscoveryClient [main] Saw local status change event StatusChangeEvent [timestamp=1687913976644, current=UP, previous=STARTING]
2023-06-27 21:59:36,645 INFO com.netflix.discovery.DiscoveryClient [DiscoveryClient-InstanceInfoReplicator-0] DiscoveryClient_GISA-MOD-SERVICE-ASSOCIATE/AVELLHYBA70ALV:gisa-mod-service-associate:9091: registering service...
2023-06-27 21:59:36,646 INFO org.apache.coyote.http11.Http11NioProtocol [main] Starting ProtocolHandler ["http-nio-9091"]
2023-06-27 21:59:36,663 INFO org.springframework.boot.web.embedded.tomcat.TomcatWebServer [main] Tomcat started on port(s): 9091 (http) with context path '/gisa-mod-service-associate'
2023-06-27 21:59:36,663 INFO org.springframework.cloud.netflix.eureka.serviceregistry.EurekaAutoServiceRegistration [main] Updating port to 9091
2023-06-27 21:59:36,675 INFO com.netflix.discovery.DiscoveryClient [DiscoveryClient-InstanceInfoReplicator-0] DiscoveryClient_GISA-MOD-SERVICE-ASSOCIATE/AVELLHYBA70ALV:gisa-mod-service-associate:9091 - registration status: 204
2023-06-27 21:59:37,014 INFO br.com.posarquiteturapuc2022.GisaModServiceAssociateApplication [main] Started GisaModServiceAssociateApplication in 11.674 seconds (JVM running for 12.598)
2023-06-27 21:59:37,016 INFO org.camunda.bpm.engine.jobexecutor [main] ENGINE-14014 Starting up the JobExecutor[org.camunda.bpm.engine.spring.components.jobexecutor.SpringJobExecutor].
2023-06-27 21:59:37,017 INFO org.camunda.bpm.engine.jobexecutor [JobExecutor[org.camunda.bpm.engine.spring.components.jobexecutor.SpringJobExecutor]] ENGINE-14018 JobExecutor[org.camunda.bpm.engine.spring.components.jobexecutor.SpringJobExecutor] starting to acquire jobs
2023-06-27 22:04:36,479 INFO com.netflix.discovery.shared.resolver.aws.ConfigClusterResolver [AsyncResolver-bootstrap-executor-0] Resolving eureka endpoints via configuration
2023-06-27 22:09:36,481 INFO com.netflix.discovery.shared.resolver.aws.ConfigClusterResolver [AsyncResolver-bootstrap-executor-0] Resolving eureka endpoints via configuration
2023-06-27 22:14:36,496 INFO com.netflix.discovery.shared.resolver.aws.ConfigClusterResolver [AsyncResolver-bootstrap-executor-0] Resolving eureka endpoints via configuration
2023-06-27 22:19:36,509 INFO com.netflix.discovery.shared.resolver.aws.ConfigClusterResolver [AsyncResolver-bootstrap-executor-0] Resolving eureka endpoints via configuration
2023-06-27 22:24:36,519 INFO com.netflix.discovery.shared.resolver.aws.ConfigClusterResolver [AsyncResolver-bootstrap-executor-0] Resolving eureka endpoints via configuration
2023-06-27 22:29:36,526 INFO com.netflix.discovery.shared.resolver.aws.ConfigClusterResolver [AsyncResolver-bootstrap-executor-0] Resolving eureka endpoints via configuration
2023-06-27 22:34:36,543 INFO com.netflix.discovery.shared.resolver.aws.ConfigClusterResolver [AsyncResolver-bootstrap-executor-0] Resolving eureka endpoints via configuration
2023-06-27 22:39:36,558 INFO com.netflix.discovery.shared.resolver.aws.ConfigClusterResolver [AsyncResolver-bootstrap-executor-0] Resolving eureka endpoints via configuration
2023-06-27 22:44:36,571 INFO com.netflix.discovery.shared.resolver.aws.ConfigClusterResolver [AsyncResolver-bootstrap-executor-0] Resolving eureka endpoints via configuration
2023-06-27 22:49:36,575 INFO com.netflix.discovery.shared.resolver.aws.ConfigClusterResolver [AsyncResolver-bootstrap-executor-0] Resolving eureka endpoints via configuration
2023-06-27 22:54:36,581 INFO com.netflix.discovery.shared.resolver.aws.ConfigClusterResolver [AsyncResolver-bootstrap-executor-0] Resolving eureka endpoints via configuration
2023-06-27 22:59:36,597 INFO com.netflix.discovery.shared.resolver.aws.ConfigClusterResolver [AsyncResolver-bootstrap-executor-0] Resolving eureka endpoints via configuration
2023-06-27 23:04:36,609 INFO com.netflix.discovery.shared.resolver.aws.ConfigClusterResolver [AsyncResolver-bootstrap-executor-0] Resolving eureka endpoints via configuration
2023-06-27 23:09:36,618 INFO com.netflix.discovery.shared.resolver.aws.ConfigClusterResolver [AsyncResolver-bootstrap-executor-0] Resolving eureka endpoints via configuration
2023-06-27 23:14:36,629 INFO com.netflix.discovery.shared.resolver.aws.ConfigClusterResolver [AsyncResolver-bootstrap-executor-0] Resolving eureka endpoints via configuration
2023-06-27 23:19:36,632 INFO com.netflix.discovery.shared.resolver.aws.ConfigClusterResolver [AsyncResolver-bootstrap-executor-0] Resolving eureka endpoints via configuration
2023-06-27 23:24:36,634 INFO com.netflix.discovery.shared.resolver.aws.ConfigClusterResolver [AsyncResolver-bootstrap-executor-0] Resolving eureka endpoints via configuration
2023-06-27 23:29:36,646 INFO com.netflix.discovery.shared.resolver.aws.ConfigClusterResolver [AsyncResolver-bootstrap-executor-0] Resolving eureka endpoints via configuration
2023-06-27 23:34:36,660 INFO com.netflix.discovery.shared.resolver.aws.ConfigClusterResolver [AsyncResolver-bootstrap-executor-0] Resolving eureka endpoints via configuration
2023-06-27 23:39:36,673 INFO com.netflix.discovery.shared.resolver.aws.ConfigClusterResolver [AsyncResolver-bootstrap-executor-0] Resolving eureka endpoints via configuration
2023-06-27 23:44:36,675 INFO com.netflix.discovery.shared.resolver.aws.ConfigClusterResolver [AsyncResolver-bootstrap-executor-0] Resolving eureka endpoints via configuration
2023-06-27 23:49:36,690 INFO com.netflix.discovery.shared.resolver.aws.ConfigClusterResolver [AsyncResolver-bootstrap-executor-0] Resolving eureka endpoints via configuration
2023-06-27 23:54:36,693 INFO com.netflix.discovery.shared.resolver.aws.ConfigClusterResolver [AsyncResolver-bootstrap-executor-0] Resolving eureka endpoints via configuration
2023-06-27 23:59:36,694 INFO com.netflix.discovery.shared.resolver.aws.ConfigClusterResolver [AsyncResolver-bootstrap-executor-0] Resolving eureka endpoints via configuration
