2023-06-17 01:11:25,670 WARN com.zaxxer.hikari.pool.HikariPool [CAMUNDA-HIKARI-POOL housekeeper] CAMUNDA-HIKARI-POOL - Thread starvation or clock leap detected (housekeeper delta=2h38m37s183ms256µs500ns).
2023-06-17 08:38:54,179 WARN com.zaxxer.hikari.pool.HikariPool [CAMUNDA-HIKARI-POOL housekeeper] CAMUNDA-HIKARI-POOL - Thread starvation or clock leap detected (housekeeper delta=7h27m42s87ms534µs400ns).
2023-06-17 08:40:25,546 INFO com.netflix.discovery.shared.resolver.aws.ConfigClusterResolver [AsyncResolver-bootstrap-executor-0] Resolving eureka endpoints via configuration
2023-06-17 08:45:23,964 INFO com.netflix.discovery.shared.resolver.aws.ConfigClusterResolver [AsyncResolver-bootstrap-executor-0] Resolving eureka endpoints via configuration
2023-06-17 08:50:23,977 INFO com.netflix.discovery.shared.resolver.aws.ConfigClusterResolver [AsyncResolver-bootstrap-executor-0] Resolving eureka endpoints via configuration
2023-06-17 08:55:23,993 INFO com.netflix.discovery.shared.resolver.aws.ConfigClusterResolver [AsyncResolver-bootstrap-executor-0] Resolving eureka endpoints via configuration
2023-06-17 09:00:24,006 INFO com.netflix.discovery.shared.resolver.aws.ConfigClusterResolver [AsyncResolver-bootstrap-executor-0] Resolving eureka endpoints via configuration
2023-06-17 09:05:24,016 INFO com.netflix.discovery.shared.resolver.aws.ConfigClusterResolver [AsyncResolver-bootstrap-executor-0] Resolving eureka endpoints via configuration
2023-06-17 09:10:24,027 INFO com.netflix.discovery.shared.resolver.aws.ConfigClusterResolver [AsyncResolver-bootstrap-executor-0] Resolving eureka endpoints via configuration
2023-06-17 09:15:24,038 INFO com.netflix.discovery.shared.resolver.aws.ConfigClusterResolver [AsyncResolver-bootstrap-executor-0] Resolving eureka endpoints via configuration
2023-06-17 10:29:11,377 INFO org.hibernate.validator.internal.util.Version [background-preinit] HV000001: Hibernate Validator 6.2.0.Final
2023-06-17 10:29:11,428 INFO br.com.posarquiteturapuc2022.GisaModServiceAssociateApplication [main] Starting GisaModServiceAssociateApplication using Java 11.0.17 on AVELLHYBA70ALV with PID 51788 (C:\desenvolvimento\tcc\boasaude\workspace\gisa-mod-service-associate\target\classes started by alvar in C:\desenvolvimento\tcc\boasaude\workspace\gisa-mod-service-associate)
2023-06-17 10:29:11,430 INFO br.com.posarquiteturapuc2022.GisaModServiceAssociateApplication [main] The following profiles are active: dev
2023-06-17 10:29:12,355 INFO org.springframework.data.repository.config.RepositoryConfigurationDelegate [main] Bootstrapping Spring Data JPA repositories in DEFAULT mode.
2023-06-17 10:29:12,524 INFO org.springframework.data.repository.config.RepositoryConfigurationDelegate [main] Finished Spring Data repository scanning in 161 ms. Found 2 JPA repository interfaces.
2023-06-17 10:29:12,780 INFO org.springframework.cloud.context.scope.GenericScope [main] BeanFactory id=e7ca09a4-d44f-39a0-9831-db006133fd7f
2023-06-17 10:29:13,355 INFO org.springframework.boot.web.embedded.tomcat.TomcatWebServer [main] Tomcat initialized with port(s): 9091 (http)
2023-06-17 10:29:13,366 INFO org.apache.coyote.http11.Http11NioProtocol [main] Initializing ProtocolHandler ["http-nio-9091"]
2023-06-17 10:29:13,366 INFO org.apache.catalina.core.StandardService [main] Starting service [Tomcat]
2023-06-17 10:29:13,367 INFO org.apache.catalina.core.StandardEngine [main] Starting Servlet engine: [Apache Tomcat/9.0.56]
2023-06-17 10:29:13,482 INFO org.apache.catalina.core.ContainerBase.[Tomcat].[localhost].[/gisa-mod-service-associate] [main] Initializing Spring embedded WebApplicationContext
2023-06-17 10:29:13,482 INFO org.springframework.boot.web.servlet.context.ServletWebServerApplicationContext [main] Root WebApplicationContext: initialization completed in 1988 ms
2023-06-17 10:29:13,513 INFO org.camunda.bpm.spring.boot.starter.rest.CamundaJerseyResourceConfig [main] Configuring camunda rest api.
2023-06-17 10:29:13,532 INFO org.camunda.bpm.spring.boot.starter.rest.CamundaJerseyResourceConfig [main] Finished configuring camunda rest api.
2023-06-17 10:29:13,933 INFO org.hibernate.jpa.internal.util.LogHelper [main] HHH000204: Processing PersistenceUnitInfo [name: default]
2023-06-17 10:29:14,010 INFO org.hibernate.Version [main] HHH000412: Hibernate ORM core version 5.6.3.Final
2023-06-17 10:29:14,197 INFO org.hibernate.annotations.common.Version [main] HCANN000001: Hibernate Commons Annotations {5.1.2.Final}
2023-06-17 10:29:14,310 INFO org.hibernate.dialect.Dialect [main] HHH000400: Using dialect: org.hibernate.dialect.PostgreSQL9Dialect
2023-06-17 10:29:14,976 WARN com.zaxxer.hikari.HikariConfig [main] CAMUNDA-HIKARI-POOL - idleTimeout has been set but has no effect because the pool is operating as a fixed size pool.
2023-06-17 10:29:14,976 INFO com.zaxxer.hikari.HikariDataSource [main] CAMUNDA-HIKARI-POOL - Starting...
2023-06-17 10:29:15,158 INFO com.zaxxer.hikari.HikariDataSource [main] CAMUNDA-HIKARI-POOL - Start completed.
2023-06-17 10:29:15,274 INFO org.hibernate.engine.transaction.jta.platform.internal.JtaPlatformInitiator [main] HHH000490: Using JtaPlatform implementation: [org.hibernate.engine.transaction.jta.platform.internal.NoJtaPlatform]
2023-06-17 10:29:15,285 INFO org.springframework.orm.jpa.LocalContainerEntityManagerFactoryBean [main] Initialized JPA EntityManagerFactory for persistence unit 'default'
2023-06-17 10:29:15,448 WARN org.springframework.boot.autoconfigure.orm.jpa.JpaBaseConfiguration$JpaWebConfiguration [main] spring.jpa.open-in-view is enabled by default. Therefore, database queries may be performed during view rendering. Explicitly configure spring.jpa.open-in-view to disable this warning
2023-06-17 10:29:16,781 INFO org.camunda.bpm.spring.boot [main] STARTER-SB040 Setting up jobExecutor with corePoolSize=3, maxPoolSize:10
2023-06-17 10:29:16,949 INFO org.camunda.bpm.engine.cfg [main] ENGINE-12003 Plugin 'CompositeProcessEnginePlugin[genericPropertiesConfiguration, camundaProcessEngineConfiguration, camundaDatasourceConfiguration, camundaJpaConfiguration, camundaJobConfiguration, camundaHistoryConfiguration, camundaMetricsConfiguration, camundaAuthorizationConfiguration, camundaDeploymentConfiguration, CreateAdminUserConfiguration[adminUser=AdminUserProperty[id=demo, firstName=Andromeda, lastName=Galaxy, email=ufo@andromeda.com, password=******]], failedJobConfiguration, CreateFilterConfiguration[filterName=All], eventPublisherPlugin, ApplicationContextClassloaderSwitchPlugin, SpringBootSpinProcessEnginePlugin]' activated on process engine 'default'
2023-06-17 10:29:17,882 WARN org.camunda.bpm.spring.boot.starter.configuration.impl.DefaultDeploymentConfiguration [main] unable to determine if resource URL [jar:file:C:\Users\alvar\.m2\repository\org\camunda\bpm\dmn\camunda-engine-dmn\7.16.0\camunda-engine-dmn-7.16.0.jar!/META-INF/maven/org.camunda.bpm.dmn/] is a deployable resource
2023-06-17 10:29:17,882 WARN org.camunda.bpm.spring.boot.starter.configuration.impl.DefaultDeploymentConfiguration [main] unable to determine if resource URL [jar:file:C:\Users\alvar\.m2\repository\org\camunda\bpm\dmn\camunda-engine-feel-api\7.16.0\camunda-engine-feel-api-7.16.0.jar!/META-INF/maven/org.camunda.bpm.dmn/] is a deployable resource
2023-06-17 10:29:17,883 WARN org.camunda.bpm.spring.boot.starter.configuration.impl.DefaultDeploymentConfiguration [main] unable to determine if resource URL [jar:file:C:\Users\alvar\.m2\repository\org\camunda\bpm\dmn\camunda-engine-feel-juel\7.16.0\camunda-engine-feel-juel-7.16.0.jar!/META-INF/maven/org.camunda.bpm.dmn/] is a deployable resource
2023-06-17 10:29:17,883 WARN org.camunda.bpm.spring.boot.starter.configuration.impl.DefaultDeploymentConfiguration [main] unable to determine if resource URL [jar:file:C:\Users\alvar\.m2\repository\org\camunda\bpm\dmn\camunda-engine-feel-scala\7.16.0\camunda-engine-feel-scala-7.16.0.jar!/META-INF/maven/org.camunda.bpm.dmn/] is a deployable resource
2023-06-17 10:29:17,883 INFO org.camunda.bpm.spring.boot [main] STARTER-SB021 Auto-Deploying resources: [file [C:\desenvolvimento\tcc\boasaude\workspace\gisa-mod-service-associate\target\classes\diagrama_gisa_servicos_associados.bpmn]]
2023-06-17 10:29:17,887 INFO org.camunda.bpm.spring.boot.starter.event.EventPublisherPlugin [main] EVENTING-001: Initialized Camunda Spring Boot Eventing Engine Plugin.
2023-06-17 10:29:17,888 INFO org.camunda.bpm.spring.boot.starter.event.EventPublisherPlugin [main] EVENTING-003: Task events will be published as Spring Events.
2023-06-17 10:29:17,888 INFO org.camunda.bpm.spring.boot.starter.event.EventPublisherPlugin [main] EVENTING-005: Execution events will be published as Spring Events.
2023-06-17 10:29:17,890 INFO org.camunda.bpm.spring.boot.starter.event.EventPublisherPlugin [main] EVENTING-007: History events will be published as Spring events.
2023-06-17 10:29:17,894 INFO org.camunda.spin [main] SPIN-01010 Discovered Spin data format provider: org.camunda.spin.impl.json.jackson.format.JacksonJsonDataFormatProvider[name = application/json]
2023-06-17 10:29:18,107 INFO org.camunda.spin [main] SPIN-01010 Discovered Spin data format provider: org.camunda.spin.impl.xml.dom.format.DomXmlDataFormatProvider[name = application/xml]
2023-06-17 10:29:18,114 INFO org.camunda.spin [main] SPIN-01009 Discovered Spin data format: org.camunda.spin.impl.xml.dom.format.DomXmlDataFormat[name = application/xml]
2023-06-17 10:29:18,115 INFO org.camunda.spin [main] SPIN-01009 Discovered Spin data format: org.camunda.spin.impl.json.jackson.format.JacksonJsonDataFormat[name = application/json]
2023-06-17 10:29:18,294 INFO org.camunda.bpm.dmn.feel.scala [main] FEEL/SCALA-01001 Spin value mapper detected
2023-06-17 10:29:18,372 INFO org.camunda.feel.FeelEngine [main] Engine created. [value-mapper: CompositeValueMapper(List(org.camunda.feel.impl.JavaValueMapper@1a6aecec, org.camunda.spin.plugin.impl.feel.integration.SpinValueMapper@51989b17)), function-provider: org.camunda.bpm.dmn.feel.impl.scala.function.CustomFunctionTransformer@1c89cec5, clock: SystemClock, configuration: Configuration(false)]
2023-06-17 10:29:21,745 INFO org.camunda.bpm.connect [main] CNCT-01004 Discovered provider for connector id 'http-connector' and class 'org.camunda.connect.httpclient.impl.HttpConnectorImpl': 'org.camunda.connect.httpclient.impl.HttpConnectorProviderImpl'
2023-06-17 10:29:21,747 INFO org.camunda.bpm.connect [main] CNCT-01004 Discovered provider for connector id 'soap-http-connector' and class 'org.camunda.connect.httpclient.soap.impl.SoapHttpConnectorImpl': 'org.camunda.connect.httpclient.soap.impl.SoapHttpConnectorProviderImpl'
2023-06-17 10:29:21,862 INFO org.camunda.bpm.engine [main] ENGINE-00001 Process Engine default created.
2023-06-17 10:29:21,900 INFO org.camunda.bpm.spring.boot [main] STARTER-SB011 skip creating initial Admin User, user does exist: UserEntity[id=demo, revision=1, firstName=Andromeda, lastName=Galaxy, email=ufo@andromeda.com, password={SHA-512}iYLA51eNHSmPbOVm3hlNo4Ef6ILcc1DEFu2VRxGJlM8dO9jJE0wAHXQkV9jEXIlJBiRoQyRYkk64EuPhlJkWug==, salt=cBOApNh8U2ZMEQjsk41/Vw==, lockExpirationTime=null, attempts=0]
2023-06-17 10:29:21,906 INFO org.camunda.bpm.spring.boot [main] STARTER-SB016 Skip initial filter creation, the filter with this name already exists: All
2023-06-17 10:29:23,494 INFO org.camunda.bpm.spring.boot.starter.webapp.filter.LazyInitRegistration [main] lazy initialized org.camunda.bpm.spring.boot.starter.webapp.filter.LazySecurityFilter@5c3710b3
2023-06-17 10:29:23,495 INFO org.camunda.bpm.spring.boot.starter.webapp.filter.LazyInitRegistration [main] lazy initialized org.camunda.bpm.spring.boot.starter.webapp.filter.LazyProcessEnginesFilter@2bd4780c
2023-06-17 10:29:24,354 INFO org.springframework.cloud.netflix.eureka.config.DiscoveryClientOptionalArgsConfiguration [main] Eureka HTTP Client uses RestTemplate.
2023-06-17 10:29:25,082 WARN org.springframework.cloud.loadbalancer.config.LoadBalancerCacheAutoConfiguration$LoadBalancerCaffeineWarnLogger [main] Spring Cloud LoadBalancer is currently working with the default cache. You can switch to using Caffeine cache, by adding it and org.springframework.cache.caffeine.CaffeineCacheManager to the classpath.
2023-06-17 10:29:25,177 INFO org.springframework.cloud.netflix.eureka.InstanceInfoFactory [main] Setting initial instance status as: STARTING
2023-06-17 10:29:25,226 INFO com.netflix.discovery.DiscoveryClient [main] Initializing Eureka in region us-east-1
2023-06-17 10:29:25,233 INFO com.netflix.discovery.shared.resolver.aws.ConfigClusterResolver [main] Resolving eureka endpoints via configuration
2023-06-17 10:29:25,267 INFO com.netflix.discovery.DiscoveryClient [main] Disable delta property : false
2023-06-17 10:29:25,267 INFO com.netflix.discovery.DiscoveryClient [main] Single vip registry refresh property : null
2023-06-17 10:29:25,267 INFO com.netflix.discovery.DiscoveryClient [main] Force full registry fetch : false
2023-06-17 10:29:25,267 INFO com.netflix.discovery.DiscoveryClient [main] Application is null : false
2023-06-17 10:29:25,267 INFO com.netflix.discovery.DiscoveryClient [main] Registered Applications size is zero : true
2023-06-17 10:29:25,267 INFO com.netflix.discovery.DiscoveryClient [main] Application version is -1: true
2023-06-17 10:29:25,267 INFO com.netflix.discovery.DiscoveryClient [main] Getting all instance registry info from the eureka server
2023-06-17 10:29:25,541 INFO com.netflix.discovery.DiscoveryClient [main] The response status is 200
2023-06-17 10:29:25,544 INFO com.netflix.discovery.DiscoveryClient [main] Starting heartbeat executor: renew interval is: 30
2023-06-17 10:29:25,547 INFO com.netflix.discovery.InstanceInfoReplicator [main] InstanceInfoReplicator onDemand update allowed rate per min is 4
2023-06-17 10:29:25,553 INFO com.netflix.discovery.DiscoveryClient [main] Discovery Client initialized at timestamp 1687008565551 with initial instances count: 3
2023-06-17 10:29:25,565 INFO org.springframework.cloud.netflix.eureka.serviceregistry.EurekaServiceRegistry [main] Registering application GISA-MOD-SERVICE-ASSOCIATE with eureka with status UP
2023-06-17 10:29:25,567 INFO com.netflix.discovery.DiscoveryClient [main] Saw local status change event StatusChangeEvent [timestamp=1687008565567, current=UP, previous=STARTING]
2023-06-17 10:29:25,569 INFO org.apache.coyote.http11.Http11NioProtocol [main] Starting ProtocolHandler ["http-nio-9091"]
2023-06-17 10:29:25,570 INFO com.netflix.discovery.DiscoveryClient [DiscoveryClient-InstanceInfoReplicator-0] DiscoveryClient_GISA-MOD-SERVICE-ASSOCIATE/host.docker.internal:gisa-mod-service-associate:9091: registering service...
2023-06-17 10:29:25,603 INFO org.springframework.boot.web.embedded.tomcat.TomcatWebServer [main] Tomcat started on port(s): 9091 (http) with context path '/gisa-mod-service-associate'
2023-06-17 10:29:25,603 INFO org.springframework.cloud.netflix.eureka.serviceregistry.EurekaAutoServiceRegistration [main] Updating port to 9091
2023-06-17 10:29:25,621 INFO com.netflix.discovery.DiscoveryClient [DiscoveryClient-InstanceInfoReplicator-0] DiscoveryClient_GISA-MOD-SERVICE-ASSOCIATE/host.docker.internal:gisa-mod-service-associate:9091 - registration status: 204
2023-06-17 10:29:26,162 INFO br.com.posarquiteturapuc2022.GisaModServiceAssociateApplication [main] Started GisaModServiceAssociateApplication in 15.851 seconds (JVM running for 17.104)
2023-06-17 10:29:26,166 INFO org.camunda.bpm.engine.jobexecutor [main] ENGINE-14014 Starting up the JobExecutor[org.camunda.bpm.engine.spring.components.jobexecutor.SpringJobExecutor].
2023-06-17 10:29:26,171 INFO org.camunda.bpm.engine.jobexecutor [JobExecutor[org.camunda.bpm.engine.spring.components.jobexecutor.SpringJobExecutor]] ENGINE-14018 JobExecutor[org.camunda.bpm.engine.spring.components.jobexecutor.SpringJobExecutor] starting to acquire jobs
2023-06-17 10:34:25,279 INFO com.netflix.discovery.shared.resolver.aws.ConfigClusterResolver [AsyncResolver-bootstrap-executor-0] Resolving eureka endpoints via configuration
2023-06-17 10:51:24,557 INFO org.hibernate.validator.internal.util.Version [background-preinit] HV000001: Hibernate Validator 6.2.0.Final
2023-06-17 10:51:24,589 INFO br.com.posarquiteturapuc2022.GisaModServiceAssociateApplication [main] Starting GisaModServiceAssociateApplication using Java 11.0.17 on AVELLHYBA70ALV with PID 43392 (C:\desenvolvimento\tcc\boasaude\workspace\gisa-mod-service-associate\target\classes started by alvar in C:\desenvolvimento\tcc\boasaude\workspace\gisa-mod-service-associate)
2023-06-17 10:51:24,591 INFO br.com.posarquiteturapuc2022.GisaModServiceAssociateApplication [main] The following profiles are active: dev
2023-06-17 10:51:25,414 INFO org.springframework.data.repository.config.RepositoryConfigurationDelegate [main] Bootstrapping Spring Data JPA repositories in DEFAULT mode.
2023-06-17 10:51:25,619 INFO org.springframework.data.repository.config.RepositoryConfigurationDelegate [main] Finished Spring Data repository scanning in 192 ms. Found 2 JPA repository interfaces.
2023-06-17 10:51:25,913 INFO org.springframework.cloud.context.scope.GenericScope [main] BeanFactory id=e7ca09a4-d44f-39a0-9831-db006133fd7f
2023-06-17 10:51:26,433 INFO org.springframework.boot.web.embedded.tomcat.TomcatWebServer [main] Tomcat initialized with port(s): 9091 (http)
2023-06-17 10:51:26,441 INFO org.apache.coyote.http11.Http11NioProtocol [main] Initializing ProtocolHandler ["http-nio-9091"]
2023-06-17 10:51:26,442 INFO org.apache.catalina.core.StandardService [main] Starting service [Tomcat]
2023-06-17 10:51:26,442 INFO org.apache.catalina.core.StandardEngine [main] Starting Servlet engine: [Apache Tomcat/9.0.56]
2023-06-17 10:51:26,564 INFO org.apache.catalina.core.ContainerBase.[Tomcat].[localhost].[/gisa-mod-service-associate] [main] Initializing Spring embedded WebApplicationContext
2023-06-17 10:51:26,564 INFO org.springframework.boot.web.servlet.context.ServletWebServerApplicationContext [main] Root WebApplicationContext: initialization completed in 1925 ms
2023-06-17 10:51:26,592 INFO org.camunda.bpm.spring.boot.starter.rest.CamundaJerseyResourceConfig [main] Configuring camunda rest api.
2023-06-17 10:51:26,611 INFO org.camunda.bpm.spring.boot.starter.rest.CamundaJerseyResourceConfig [main] Finished configuring camunda rest api.
2023-06-17 10:51:27,087 INFO org.hibernate.jpa.internal.util.LogHelper [main] HHH000204: Processing PersistenceUnitInfo [name: default]
2023-06-17 10:51:27,140 INFO org.hibernate.Version [main] HHH000412: Hibernate ORM core version 5.6.3.Final
2023-06-17 10:51:27,292 INFO org.hibernate.annotations.common.Version [main] HCANN000001: Hibernate Commons Annotations {5.1.2.Final}
2023-06-17 10:51:27,449 INFO org.hibernate.dialect.Dialect [main] HHH000400: Using dialect: org.hibernate.dialect.PostgreSQL9Dialect
2023-06-17 10:51:28,294 WARN com.zaxxer.hikari.HikariConfig [main] CAMUNDA-HIKARI-POOL - idleTimeout has been set but has no effect because the pool is operating as a fixed size pool.
2023-06-17 10:51:28,295 INFO com.zaxxer.hikari.HikariDataSource [main] CAMUNDA-HIKARI-POOL - Starting...
2023-06-17 10:51:28,468 INFO com.zaxxer.hikari.HikariDataSource [main] CAMUNDA-HIKARI-POOL - Start completed.
2023-06-17 10:51:28,567 INFO org.hibernate.engine.transaction.jta.platform.internal.JtaPlatformInitiator [main] HHH000490: Using JtaPlatform implementation: [org.hibernate.engine.transaction.jta.platform.internal.NoJtaPlatform]
2023-06-17 10:51:28,579 INFO org.springframework.orm.jpa.LocalContainerEntityManagerFactoryBean [main] Initialized JPA EntityManagerFactory for persistence unit 'default'
2023-06-17 10:51:28,700 WARN org.springframework.boot.autoconfigure.orm.jpa.JpaBaseConfiguration$JpaWebConfiguration [main] spring.jpa.open-in-view is enabled by default. Therefore, database queries may be performed during view rendering. Explicitly configure spring.jpa.open-in-view to disable this warning
2023-06-17 10:51:29,816 INFO org.camunda.bpm.spring.boot [main] STARTER-SB040 Setting up jobExecutor with corePoolSize=3, maxPoolSize:10
2023-06-17 10:51:29,965 INFO org.camunda.bpm.engine.cfg [main] ENGINE-12003 Plugin 'CompositeProcessEnginePlugin[genericPropertiesConfiguration, camundaProcessEngineConfiguration, camundaDatasourceConfiguration, camundaJpaConfiguration, camundaJobConfiguration, camundaHistoryConfiguration, camundaMetricsConfiguration, camundaAuthorizationConfiguration, camundaDeploymentConfiguration, CreateAdminUserConfiguration[adminUser=AdminUserProperty[id=demo, firstName=Andromeda, lastName=Galaxy, email=ufo@andromeda.com, password=******]], failedJobConfiguration, CreateFilterConfiguration[filterName=All], eventPublisherPlugin, ApplicationContextClassloaderSwitchPlugin, SpringBootSpinProcessEnginePlugin]' activated on process engine 'default'
2023-06-17 10:51:31,200 WARN org.camunda.bpm.spring.boot.starter.configuration.impl.DefaultDeploymentConfiguration [main] unable to determine if resource URL [jar:file:C:\Users\alvar\.m2\repository\org\camunda\bpm\dmn\camunda-engine-dmn\7.16.0\camunda-engine-dmn-7.16.0.jar!/META-INF/maven/org.camunda.bpm.dmn/] is a deployable resource
2023-06-17 10:51:31,200 WARN org.camunda.bpm.spring.boot.starter.configuration.impl.DefaultDeploymentConfiguration [main] unable to determine if resource URL [jar:file:C:\Users\alvar\.m2\repository\org\camunda\bpm\dmn\camunda-engine-feel-api\7.16.0\camunda-engine-feel-api-7.16.0.jar!/META-INF/maven/org.camunda.bpm.dmn/] is a deployable resource
2023-06-17 10:51:31,200 WARN org.camunda.bpm.spring.boot.starter.configuration.impl.DefaultDeploymentConfiguration [main] unable to determine if resource URL [jar:file:C:\Users\alvar\.m2\repository\org\camunda\bpm\dmn\camunda-engine-feel-juel\7.16.0\camunda-engine-feel-juel-7.16.0.jar!/META-INF/maven/org.camunda.bpm.dmn/] is a deployable resource
2023-06-17 10:51:31,202 WARN org.camunda.bpm.spring.boot.starter.configuration.impl.DefaultDeploymentConfiguration [main] unable to determine if resource URL [jar:file:C:\Users\alvar\.m2\repository\org\camunda\bpm\dmn\camunda-engine-feel-scala\7.16.0\camunda-engine-feel-scala-7.16.0.jar!/META-INF/maven/org.camunda.bpm.dmn/] is a deployable resource
2023-06-17 10:51:31,202 INFO org.camunda.bpm.spring.boot [main] STARTER-SB021 Auto-Deploying resources: [file [C:\desenvolvimento\tcc\boasaude\workspace\gisa-mod-service-associate\target\classes\diagrama_gisa_servicos_associados.bpmn]]
2023-06-17 10:51:31,205 INFO org.camunda.bpm.spring.boot.starter.event.EventPublisherPlugin [main] EVENTING-001: Initialized Camunda Spring Boot Eventing Engine Plugin.
2023-06-17 10:51:31,205 INFO org.camunda.bpm.spring.boot.starter.event.EventPublisherPlugin [main] EVENTING-003: Task events will be published as Spring Events.
2023-06-17 10:51:31,205 INFO org.camunda.bpm.spring.boot.starter.event.EventPublisherPlugin [main] EVENTING-005: Execution events will be published as Spring Events.
2023-06-17 10:51:31,208 INFO org.camunda.bpm.spring.boot.starter.event.EventPublisherPlugin [main] EVENTING-007: History events will be published as Spring events.
2023-06-17 10:51:31,214 INFO org.camunda.spin [main] SPIN-01010 Discovered Spin data format provider: org.camunda.spin.impl.json.jackson.format.JacksonJsonDataFormatProvider[name = application/json]
2023-06-17 10:51:31,426 INFO org.camunda.spin [main] SPIN-01010 Discovered Spin data format provider: org.camunda.spin.impl.xml.dom.format.DomXmlDataFormatProvider[name = application/xml]
2023-06-17 10:51:31,434 INFO org.camunda.spin [main] SPIN-01009 Discovered Spin data format: org.camunda.spin.impl.xml.dom.format.DomXmlDataFormat[name = application/xml]
2023-06-17 10:51:31,434 INFO org.camunda.spin [main] SPIN-01009 Discovered Spin data format: org.camunda.spin.impl.json.jackson.format.JacksonJsonDataFormat[name = application/json]
2023-06-17 10:51:31,593 INFO org.camunda.bpm.dmn.feel.scala [main] FEEL/SCALA-01001 Spin value mapper detected
2023-06-17 10:51:31,651 INFO org.camunda.feel.FeelEngine [main] Engine created. [value-mapper: CompositeValueMapper(List(org.camunda.feel.impl.JavaValueMapper@a9339e5, org.camunda.spin.plugin.impl.feel.integration.SpinValueMapper@687313e1)), function-provider: org.camunda.bpm.dmn.feel.impl.scala.function.CustomFunctionTransformer@192800d, clock: SystemClock, configuration: Configuration(false)]
2023-06-17 10:51:35,183 INFO org.camunda.bpm.connect [main] CNCT-01004 Discovered provider for connector id 'http-connector' and class 'org.camunda.connect.httpclient.impl.HttpConnectorImpl': 'org.camunda.connect.httpclient.impl.HttpConnectorProviderImpl'
2023-06-17 10:51:35,185 INFO org.camunda.bpm.connect [main] CNCT-01004 Discovered provider for connector id 'soap-http-connector' and class 'org.camunda.connect.httpclient.soap.impl.SoapHttpConnectorImpl': 'org.camunda.connect.httpclient.soap.impl.SoapHttpConnectorProviderImpl'
2023-06-17 10:51:35,296 INFO org.camunda.bpm.engine [main] ENGINE-00001 Process Engine default created.
2023-06-17 10:51:35,328 INFO org.camunda.bpm.spring.boot [main] STARTER-SB011 skip creating initial Admin User, user does exist: UserEntity[id=demo, revision=1, firstName=Andromeda, lastName=Galaxy, email=ufo@andromeda.com, password={SHA-512}iYLA51eNHSmPbOVm3hlNo4Ef6ILcc1DEFu2VRxGJlM8dO9jJE0wAHXQkV9jEXIlJBiRoQyRYkk64EuPhlJkWug==, salt=cBOApNh8U2ZMEQjsk41/Vw==, lockExpirationTime=null, attempts=0]
2023-06-17 10:51:35,332 INFO org.camunda.bpm.spring.boot [main] STARTER-SB016 Skip initial filter creation, the filter with this name already exists: All
2023-06-17 10:51:36,675 INFO org.camunda.bpm.spring.boot.starter.webapp.filter.LazyInitRegistration [main] lazy initialized org.camunda.bpm.spring.boot.starter.webapp.filter.LazySecurityFilter@37364634
2023-06-17 10:51:36,686 INFO org.camunda.bpm.spring.boot.starter.webapp.filter.LazyInitRegistration [main] lazy initialized org.camunda.bpm.spring.boot.starter.webapp.filter.LazyProcessEnginesFilter@36cf16a6
2023-06-17 10:51:37,426 INFO org.springframework.cloud.netflix.eureka.config.DiscoveryClientOptionalArgsConfiguration [main] Eureka HTTP Client uses RestTemplate.
2023-06-17 10:51:38,265 WARN org.springframework.cloud.loadbalancer.config.LoadBalancerCacheAutoConfiguration$LoadBalancerCaffeineWarnLogger [main] Spring Cloud LoadBalancer is currently working with the default cache. You can switch to using Caffeine cache, by adding it and org.springframework.cache.caffeine.CaffeineCacheManager to the classpath.
2023-06-17 10:51:38,349 INFO org.springframework.cloud.netflix.eureka.InstanceInfoFactory [main] Setting initial instance status as: STARTING
2023-06-17 10:51:38,386 INFO com.netflix.discovery.DiscoveryClient [main] Initializing Eureka in region us-east-1
2023-06-17 10:51:38,392 INFO com.netflix.discovery.shared.resolver.aws.ConfigClusterResolver [main] Resolving eureka endpoints via configuration
2023-06-17 10:51:38,416 INFO com.netflix.discovery.DiscoveryClient [main] Disable delta property : false
2023-06-17 10:51:38,416 INFO com.netflix.discovery.DiscoveryClient [main] Single vip registry refresh property : null
2023-06-17 10:51:38,416 INFO com.netflix.discovery.DiscoveryClient [main] Force full registry fetch : false
2023-06-17 10:51:38,416 INFO com.netflix.discovery.DiscoveryClient [main] Application is null : false
2023-06-17 10:51:38,416 INFO com.netflix.discovery.DiscoveryClient [main] Registered Applications size is zero : true
2023-06-17 10:51:38,416 INFO com.netflix.discovery.DiscoveryClient [main] Application version is -1: true
2023-06-17 10:51:38,416 INFO com.netflix.discovery.DiscoveryClient [main] Getting all instance registry info from the eureka server
2023-06-17 10:51:38,606 INFO com.netflix.discovery.DiscoveryClient [main] The response status is 200
2023-06-17 10:51:38,609 INFO com.netflix.discovery.DiscoveryClient [main] Starting heartbeat executor: renew interval is: 30
2023-06-17 10:51:38,613 INFO com.netflix.discovery.InstanceInfoReplicator [main] InstanceInfoReplicator onDemand update allowed rate per min is 4
2023-06-17 10:51:38,618 INFO com.netflix.discovery.DiscoveryClient [main] Discovery Client initialized at timestamp 1687009898618 with initial instances count: 3
2023-06-17 10:51:38,629 INFO org.springframework.cloud.netflix.eureka.serviceregistry.EurekaServiceRegistry [main] Registering application GISA-MOD-SERVICE-ASSOCIATE with eureka with status UP
2023-06-17 10:51:38,630 INFO com.netflix.discovery.DiscoveryClient [main] Saw local status change event StatusChangeEvent [timestamp=1687009898630, current=UP, previous=STARTING]
2023-06-17 10:51:38,633 INFO com.netflix.discovery.DiscoveryClient [DiscoveryClient-InstanceInfoReplicator-0] DiscoveryClient_GISA-MOD-SERVICE-ASSOCIATE/host.docker.internal:gisa-mod-service-associate:9091: registering service...
2023-06-17 10:51:38,633 INFO org.apache.coyote.http11.Http11NioProtocol [main] Starting ProtocolHandler ["http-nio-9091"]
2023-06-17 10:51:38,658 INFO org.springframework.boot.web.embedded.tomcat.TomcatWebServer [main] Tomcat started on port(s): 9091 (http) with context path '/gisa-mod-service-associate'
2023-06-17 10:51:38,659 INFO org.springframework.cloud.netflix.eureka.serviceregistry.EurekaAutoServiceRegistration [main] Updating port to 9091
2023-06-17 10:51:38,678 INFO com.netflix.discovery.DiscoveryClient [DiscoveryClient-InstanceInfoReplicator-0] DiscoveryClient_GISA-MOD-SERVICE-ASSOCIATE/host.docker.internal:gisa-mod-service-associate:9091 - registration status: 204
2023-06-17 10:51:39,084 INFO br.com.posarquiteturapuc2022.GisaModServiceAssociateApplication [main] Started GisaModServiceAssociateApplication in 15.499 seconds (JVM running for 16.822)
2023-06-17 10:51:39,087 INFO org.camunda.bpm.engine.jobexecutor [main] ENGINE-14014 Starting up the JobExecutor[org.camunda.bpm.engine.spring.components.jobexecutor.SpringJobExecutor].
2023-06-17 10:51:39,092 INFO org.camunda.bpm.engine.jobexecutor [JobExecutor[org.camunda.bpm.engine.spring.components.jobexecutor.SpringJobExecutor]] ENGINE-14018 JobExecutor[org.camunda.bpm.engine.spring.components.jobexecutor.SpringJobExecutor] starting to acquire jobs
2023-06-17 10:56:38,418 INFO com.netflix.discovery.shared.resolver.aws.ConfigClusterResolver [AsyncResolver-bootstrap-executor-0] Resolving eureka endpoints via configuration
2023-06-17 11:01:38,435 INFO com.netflix.discovery.shared.resolver.aws.ConfigClusterResolver [AsyncResolver-bootstrap-executor-0] Resolving eureka endpoints via configuration
2023-06-17 11:06:38,450 INFO com.netflix.discovery.shared.resolver.aws.ConfigClusterResolver [AsyncResolver-bootstrap-executor-0] Resolving eureka endpoints via configuration
2023-06-17 11:11:38,467 INFO com.netflix.discovery.shared.resolver.aws.ConfigClusterResolver [AsyncResolver-bootstrap-executor-0] Resolving eureka endpoints via configuration
2023-06-17 11:16:38,481 INFO com.netflix.discovery.shared.resolver.aws.ConfigClusterResolver [AsyncResolver-bootstrap-executor-0] Resolving eureka endpoints via configuration
2023-06-17 11:21:38,496 INFO com.netflix.discovery.shared.resolver.aws.ConfigClusterResolver [AsyncResolver-bootstrap-executor-0] Resolving eureka endpoints via configuration
2023-06-17 11:21:52,783 INFO org.apache.catalina.core.ContainerBase.[Tomcat].[localhost].[/gisa-mod-service-associate] [http-nio-9091-exec-1] Initializing Spring DispatcherServlet 'dispatcherServlet'
2023-06-17 11:21:52,783 INFO org.springframework.web.servlet.DispatcherServlet [http-nio-9091-exec-1] Initializing Servlet 'dispatcherServlet'
2023-06-17 11:21:52,786 INFO org.springframework.web.servlet.DispatcherServlet [http-nio-9091-exec-1] Completed initialization in 3 ms
2023-06-17 11:21:53,096 WARN org.apache.catalina.util.SessionIdGeneratorBase [http-nio-9091-exec-3] Creation of SecureRandom instance for session ID generation using [SHA1PRNG] took [291] milliseconds.
2023-06-17 11:21:53,097 WARN org.apache.catalina.util.SessionIdGeneratorBase [http-nio-9091-exec-1] Creation of SecureRandom instance for session ID generation using [SHA1PRNG] took [290] milliseconds.
2023-06-17 11:26:38,500 INFO com.netflix.discovery.shared.resolver.aws.ConfigClusterResolver [AsyncResolver-bootstrap-executor-0] Resolving eureka endpoints via configuration
2023-06-17 11:31:38,509 INFO com.netflix.discovery.shared.resolver.aws.ConfigClusterResolver [AsyncResolver-bootstrap-executor-0] Resolving eureka endpoints via configuration
2023-06-17 11:36:38,512 INFO com.netflix.discovery.shared.resolver.aws.ConfigClusterResolver [AsyncResolver-bootstrap-executor-0] Resolving eureka endpoints via configuration
2023-06-17 11:41:38,521 INFO com.netflix.discovery.shared.resolver.aws.ConfigClusterResolver [AsyncResolver-bootstrap-executor-0] Resolving eureka endpoints via configuration
2023-06-17 11:46:38,528 INFO com.netflix.discovery.shared.resolver.aws.ConfigClusterResolver [AsyncResolver-bootstrap-executor-0] Resolving eureka endpoints via configuration
2023-06-17 11:51:38,539 INFO com.netflix.discovery.shared.resolver.aws.ConfigClusterResolver [AsyncResolver-bootstrap-executor-0] Resolving eureka endpoints via configuration
2023-06-17 11:56:38,545 INFO com.netflix.discovery.shared.resolver.aws.ConfigClusterResolver [AsyncResolver-bootstrap-executor-0] Resolving eureka endpoints via configuration
2023-06-17 13:09:24,415 WARN com.zaxxer.hikari.pool.HikariPool [CAMUNDA-HIKARI-POOL housekeeper] CAMUNDA-HIKARI-POOL - Thread starvation or clock leap detected (housekeeper delta=1h10m30s566ms982µs1ns).
2023-06-17 21:26:33,578 WARN com.zaxxer.hikari.pool.HikariPool [CAMUNDA-HIKARI-POOL housekeeper] CAMUNDA-HIKARI-POOL - Thread starvation or clock leap detected (housekeeper delta=8h17m9s163ms928µs100ns).
2023-06-17 21:28:09,228 INFO com.netflix.discovery.shared.resolver.aws.ConfigClusterResolver [AsyncResolver-bootstrap-executor-0] Resolving eureka endpoints via configuration
2023-06-17 21:33:09,233 INFO com.netflix.discovery.shared.resolver.aws.ConfigClusterResolver [AsyncResolver-bootstrap-executor-0] Resolving eureka endpoints via configuration
2023-06-17 21:38:09,237 INFO com.netflix.discovery.shared.resolver.aws.ConfigClusterResolver [AsyncResolver-bootstrap-executor-0] Resolving eureka endpoints via configuration
2023-06-17 21:43:09,249 INFO com.netflix.discovery.shared.resolver.aws.ConfigClusterResolver [AsyncResolver-bootstrap-executor-0] Resolving eureka endpoints via configuration
2023-06-17 21:48:09,254 INFO com.netflix.discovery.shared.resolver.aws.ConfigClusterResolver [AsyncResolver-bootstrap-executor-0] Resolving eureka endpoints via configuration
2023-06-17 21:53:09,261 INFO com.netflix.discovery.shared.resolver.aws.ConfigClusterResolver [AsyncResolver-bootstrap-executor-0] Resolving eureka endpoints via configuration
2023-06-17 21:58:09,276 INFO com.netflix.discovery.shared.resolver.aws.ConfigClusterResolver [AsyncResolver-bootstrap-executor-0] Resolving eureka endpoints via configuration
2023-06-17 22:03:09,286 INFO com.netflix.discovery.shared.resolver.aws.ConfigClusterResolver [AsyncResolver-bootstrap-executor-0] Resolving eureka endpoints via configuration
2023-06-17 22:08:09,366 INFO com.netflix.discovery.shared.resolver.aws.ConfigClusterResolver [AsyncResolver-bootstrap-executor-0] Resolving eureka endpoints via configuration
2023-06-17 22:13:09,372 INFO com.netflix.discovery.shared.resolver.aws.ConfigClusterResolver [AsyncResolver-bootstrap-executor-0] Resolving eureka endpoints via configuration
2023-06-17 22:18:09,382 INFO com.netflix.discovery.shared.resolver.aws.ConfigClusterResolver [AsyncResolver-bootstrap-executor-0] Resolving eureka endpoints via configuration
2023-06-17 22:23:09,398 INFO com.netflix.discovery.shared.resolver.aws.ConfigClusterResolver [AsyncResolver-bootstrap-executor-0] Resolving eureka endpoints via configuration
2023-06-17 22:28:09,406 INFO com.netflix.discovery.shared.resolver.aws.ConfigClusterResolver [AsyncResolver-bootstrap-executor-0] Resolving eureka endpoints via configuration
2023-06-17 22:33:09,417 INFO com.netflix.discovery.shared.resolver.aws.ConfigClusterResolver [AsyncResolver-bootstrap-executor-0] Resolving eureka endpoints via configuration
2023-06-17 22:38:09,427 INFO com.netflix.discovery.shared.resolver.aws.ConfigClusterResolver [AsyncResolver-bootstrap-executor-0] Resolving eureka endpoints via configuration
2023-06-17 22:43:09,442 INFO com.netflix.discovery.shared.resolver.aws.ConfigClusterResolver [AsyncResolver-bootstrap-executor-0] Resolving eureka endpoints via configuration
2023-06-17 22:48:09,443 INFO com.netflix.discovery.shared.resolver.aws.ConfigClusterResolver [AsyncResolver-bootstrap-executor-0] Resolving eureka endpoints via configuration
2023-06-17 22:53:09,444 INFO com.netflix.discovery.shared.resolver.aws.ConfigClusterResolver [AsyncResolver-bootstrap-executor-0] Resolving eureka endpoints via configuration
